{"/Users/humormac/Datamatters/Repos/portal-ui/src/styles.scss.d.ts": {"path":"/Users/humormac/Datamatters/Repos/portal-ui/src/styles.scss.d.ts","statementMap":{},"fnMap":{},"branchMap":{},"s":{},"f":{},"b":{}}
,"/Users/humormac/Datamatters/Repos/portal-ui/src/types.d.ts": {"path":"/Users/humormac/Datamatters/Repos/portal-ui/src/types.d.ts","statementMap":{},"fnMap":{},"branchMap":{},"s":{},"f":{},"b":{}}
,"/Users/humormac/Datamatters/Repos/portal-ui/src/types.modules.d.ts": {"path":"/Users/humormac/Datamatters/Repos/portal-ui/src/types.modules.d.ts","statementMap":{},"fnMap":{},"branchMap":{},"s":{},"f":{},"b":{}}
,"/Users/humormac/Datamatters/Repos/portal-ui/src/actions/actionTypes.ts": {"path":"/Users/humormac/Datamatters/Repos/portal-ui/src/actions/actionTypes.ts","statementMap":{"0":{"start":{"line":1,"column":13},"end":{"line":1,"column":85}},"1":{"start":{"line":2,"column":13},"end":{"line":2,"column":61}}},"fnMap":{},"branchMap":{},"s":{"0":11,"1":11},"f":{},"b":{}}
,"/Users/humormac/Datamatters/Repos/portal-ui/src/actions/search.ts": {"path":"/Users/humormac/Datamatters/Repos/portal-ui/src/actions/search.ts","statementMap":{"0":{"start":{"line":1,"column":0},"end":{"line":1,"column":89}},"1":{"start":{"line":5,"column":18},"end":{"line":8,"column":2}},"2":{"start":{"line":10,"column":13},"end":{"line":17,"column":3}},"3":{"start":{"line":10,"column":71},"end":{"line":17,"column":2}},"4":{"start":{"line":15,"column":37},"end":{"line":15,"column":52}},"5":{"start":{"line":19,"column":13},"end":{"line":26,"column":3}},"6":{"start":{"line":19,"column":82},"end":{"line":26,"column":2}},"7":{"start":{"line":24,"column":37},"end":{"line":24,"column":52}}},"fnMap":{"0":{"name":"(anonymous_0)","decl":{"start":{"line":10,"column":46},"end":{"line":10,"column":47}},"loc":{"start":{"line":10,"column":71},"end":{"line":17,"column":2}}},"1":{"name":"(anonymous_1)","decl":{"start":{"line":15,"column":13},"end":{"line":15,"column":14}},"loc":{"start":{"line":15,"column":37},"end":{"line":15,"column":52}}},"2":{"name":"(anonymous_2)","decl":{"start":{"line":19,"column":37},"end":{"line":19,"column":38}},"loc":{"start":{"line":19,"column":82},"end":{"line":26,"column":2}}},"3":{"name":"(anonymous_3)","decl":{"start":{"line":24,"column":13},"end":{"line":24,"column":14}},"loc":{"start":{"line":24,"column":37},"end":{"line":24,"column":52}}}},"branchMap":{"0":{"loc":{"start":{"line":13,"column":6},"end":{"line":15,"column":53}},"type":"cond-expr","locations":[{"start":{"line":13,"column":6},"end":{"line":15,"column":53}},{"start":{"line":16,"column":6},"end":{"line":16,"column":15}}]},"1":{"loc":{"start":{"line":22,"column":6},"end":{"line":24,"column":53}},"type":"cond-expr","locations":[{"start":{"line":22,"column":6},"end":{"line":24,"column":53}},{"start":{"line":25,"column":6},"end":{"line":25,"column":15}}]}},"s":{"0":10,"1":10,"2":10,"3":3,"4":1,"5":10,"6":3,"7":1},"f":{"0":3,"1":1,"2":3,"3":1},"b":{"0":[1,2],"1":[1,2]}}
,"/Users/humormac/Datamatters/Repos/portal-ui/src/components/AbiSearch/index.tsx": {"path":"/Users/humormac/Datamatters/Repos/portal-ui/src/components/AbiSearch/index.tsx","statementMap":{"0":{"start":{"line":1,"column":0},"end":{"line":1,"column":81}},"1":{"start":{"line":2,"column":0},"end":{"line":2,"column":55}},"2":{"start":{"line":4,"column":0},"end":{"line":4,"column":37}},"3":{"start":{"line":5,"column":0},"end":{"line":5,"column":37}},"4":{"start":{"line":6,"column":0},"end":{"line":6,"column":89}},"5":{"start":{"line":8,"column":0},"end":{"line":8,"column":35}},"6":{"start":{"line":9,"column":0},"end":{"line":9,"column":49}},"7":{"start":{"line":18,"column":13},"end":{"line":74,"column":2}},"8":{"start":{"line":24,"column":50},"end":{"line":24,"column":65}},"9":{"start":{"line":25,"column":38},"end":{"line":25,"column":50}},"10":{"start":{"line":27,"column":19},"end":{"line":27,"column":32}},"11":{"start":{"line":30,"column":6},"end":{"line":32,"column":5}},"12":{"start":{"line":30,"column":45},"end":{"line":32,"column":4}},"13":{"start":{"line":34,"column":29},"end":{"line":36,"column":3}},"14":{"start":{"line":35,"column":4},"end":{"line":35,"column":70}},"15":{"start":{"line":38,"column":24},"end":{"line":43,"column":3}},"16":{"start":{"line":39,"column":19},"end":{"line":39,"column":64}},"17":{"start":{"line":40,"column":4},"end":{"line":40,"column":26}},"18":{"start":{"line":41,"column":4},"end":{"line":41,"column":30}},"19":{"start":{"line":42,"column":4},"end":{"line":42,"column":21}},"20":{"start":{"line":45,"column":18},"end":{"line":47,"column":3}},"21":{"start":{"line":46,"column":4},"end":{"line":46,"column":31}},"22":{"start":{"line":49,"column":17},"end":{"line":49,"column":52}},"23":{"start":{"line":51,"column":2},"end":{"line":73,"column":4}},"24":{"start":{"line":58,"column":24},"end":{"line":58,"column":28}},"25":{"start":{"line":76,"column":0},"end":{"line":76,"column":36}},"26":{"start":{"line":77,"column":0},"end":{"line":77,"column":25}}},"fnMap":{"0":{"name":"(anonymous_2)","decl":{"start":{"line":18,"column":51},"end":{"line":18,"column":52}},"loc":{"start":{"line":23,"column":12},"end":{"line":74,"column":1}}},"1":{"name":"(anonymous_3)","decl":{"start":{"line":30,"column":18},"end":{"line":30,"column":19}},"loc":{"start":{"line":30,"column":45},"end":{"line":32,"column":4}}},"2":{"name":"(anonymous_4)","decl":{"start":{"line":34,"column":29},"end":{"line":34,"column":30}},"loc":{"start":{"line":34,"column":52},"end":{"line":36,"column":3}}},"3":{"name":"(anonymous_5)","decl":{"start":{"line":38,"column":24},"end":{"line":38,"column":25}},"loc":{"start":{"line":38,"column":46},"end":{"line":43,"column":3}}},"4":{"name":"(anonymous_6)","decl":{"start":{"line":45,"column":18},"end":{"line":45,"column":21}},"loc":{"start":{"line":45,"column":23},"end":{"line":47,"column":3}}},"5":{"name":"(anonymous_7)","decl":{"start":{"line":58,"column":18},"end":{"line":58,"column":21}},"loc":{"start":{"line":58,"column":24},"end":{"line":58,"column":28}}}},"branchMap":{"0":{"loc":{"start":{"line":39,"column":19},"end":{"line":39,"column":50}},"type":"binary-expr","locations":[{"start":{"line":39,"column":19},"end":{"line":39,"column":50}},{"start":{"line":39,"column":54},"end":{"line":39,"column":64}}]},"1":{"loc":{"start":{"line":49,"column":17},"end":{"line":49,"column":27}},"type":"binary-expr","locations":[{"start":{"line":49,"column":17},"end":{"line":49,"column":27}},{"start":{"line":49,"column":31},"end":{"line":49,"column":52}}]},"2":{"loc":{"start":{"line":57,"column":74},"end":{"line":57,"column":87}},"type":"cond-expr","locations":[{"start":{"line":57,"column":74},"end":{"line":57,"column":87}},{"start":{"line":57,"column":90},"end":{"line":57,"column":92}}]},"3":{"loc":{"start":{"line":60,"column":33},"end":{"line":60,"column":39}},"type":"binary-expr","locations":[{"start":{"line":60,"column":33},"end":{"line":60,"column":39}},{"start":{"line":60,"column":43},"end":{"line":60,"column":45}}]},"4":{"loc":{"start":{"line":68,"column":65},"end":{"line":68,"column":78}},"type":"cond-expr","locations":[{"start":{"line":68,"column":65},"end":{"line":68,"column":78}},{"start":{"line":68,"column":81},"end":{"line":68,"column":83}}]},"5":{"loc":{"start":{"line":70,"column":42},"end":{"line":70,"column":60}},"type":"cond-expr","locations":[{"start":{"line":70,"column":42},"end":{"line":70,"column":60}},{"start":{"line":70,"column":63},"end":{"line":70,"column":65}}]}},"s":{"0":8,"1":8,"2":8,"3":8,"4":8,"5":8,"6":8,"7":8,"8":45,"9":45,"10":45,"11":45,"12":60,"13":45,"14":1,"15":45,"16":5,"17":5,"18":5,"19":5,"20":45,"21":1,"22":45,"23":45,"24":1,"25":8,"26":8},"f":{"0":45,"1":60,"2":1,"3":5,"4":1,"5":1},"b":{"0":[5,1],"1":[45,24],"2":[40,5],"3":[45,21],"4":[5,40],"5":[24,21]}}
,"/Users/humormac/Datamatters/Repos/portal-ui/src/components/AbiSearch/styles.scss.d.ts": {"path":"/Users/humormac/Datamatters/Repos/portal-ui/src/components/AbiSearch/styles.scss.d.ts","statementMap":{},"fnMap":{},"branchMap":{},"s":{},"f":{},"b":{}}
,"/Users/humormac/Datamatters/Repos/portal-ui/src/components/Button/index.tsx": {"path":"/Users/humormac/Datamatters/Repos/portal-ui/src/components/Button/index.tsx","statementMap":{"0":{"start":{"line":1,"column":0},"end":{"line":1,"column":72}},"1":{"start":{"line":2,"column":0},"end":{"line":2,"column":41}},"2":{"start":{"line":4,"column":0},"end":{"line":4,"column":64}},"3":{"start":{"line":6,"column":0},"end":{"line":6,"column":35}},"4":{"start":{"line":18,"column":11},"end":{"line":18,"column":34}},"5":{"start":{"line":20,"column":13},"end":{"line":38,"column":2}},"6":{"start":{"line":29,"column":24},"end":{"line":31,"column":91}},"7":{"start":{"line":33,"column":2},"end":{"line":37,"column":4}},"8":{"start":{"line":40,"column":0},"end":{"line":40,"column":30}},"9":{"start":{"line":41,"column":0},"end":{"line":41,"column":22}}},"fnMap":{"0":{"name":"(anonymous_1)","decl":{"start":{"line":20,"column":48},"end":{"line":20,"column":49}},"loc":{"start":{"line":28,"column":12},"end":{"line":38,"column":1}}}},"branchMap":{"0":{"loc":{"start":{"line":25,"column":22},"end":{"line":25,"column":24}},"type":"default-arg","locations":[{"start":{"line":25,"column":22},"end":{"line":25,"column":24}}]},"1":{"loc":{"start":{"line":27,"column":15},"end":{"line":27,"column":17}},"type":"default-arg","locations":[{"start":{"line":27,"column":15},"end":{"line":27,"column":17}}]},"2":{"loc":{"start":{"line":30,"column":6},"end":{"line":30,"column":26}},"type":"cond-expr","locations":[{"start":{"line":30,"column":6},"end":{"line":30,"column":26}},{"start":{"line":31,"column":6},"end":{"line":31,"column":91}}]}},"s":{"0":30,"1":30,"2":30,"3":30,"4":30,"5":30,"6":781,"7":781,"8":30,"9":30},"f":{"0":781},"b":{"0":[762],"1":[12],"2":[606,175]}}
,"/Users/humormac/Datamatters/Repos/portal-ui/src/components/Button/styles.scss.d.ts": {"path":"/Users/humormac/Datamatters/Repos/portal-ui/src/components/Button/styles.scss.d.ts","statementMap":{},"fnMap":{},"branchMap":{},"s":{},"f":{},"b":{}}
,"/Users/humormac/Datamatters/Repos/portal-ui/src/components/Button/CircularButton/index.tsx": {"path":"/Users/humormac/Datamatters/Repos/portal-ui/src/components/Button/CircularButton/index.tsx","statementMap":{"0":{"start":{"line":1,"column":0},"end":{"line":1,"column":72}},"1":{"start":{"line":2,"column":0},"end":{"line":2,"column":30}},"2":{"start":{"line":4,"column":0},"end":{"line":4,"column":35}},"3":{"start":{"line":11,"column":13},"end":{"line":13,"column":2}},"4":{"start":{"line":12,"column":2},"end":{"line":12,"column":81}},"5":{"start":{"line":15,"column":0},"end":{"line":15,"column":46}},"6":{"start":{"line":16,"column":0},"end":{"line":16,"column":30}}},"fnMap":{"0":{"name":"(anonymous_1)","decl":{"start":{"line":11,"column":56},"end":{"line":11,"column":57}},"loc":{"start":{"line":12,"column":2},"end":{"line":12,"column":81}}}},"branchMap":{},"s":{"0":3,"1":3,"2":3,"3":3,"4":2,"5":3,"6":3},"f":{"0":2},"b":{}}
,"/Users/humormac/Datamatters/Repos/portal-ui/src/components/Button/CircularButton/styles.scss.d.ts": {"path":"/Users/humormac/Datamatters/Repos/portal-ui/src/components/Button/CircularButton/styles.scss.d.ts","statementMap":{},"fnMap":{},"branchMap":{},"s":{},"f":{},"b":{}}
,"/Users/humormac/Datamatters/Repos/portal-ui/src/components/Button/QuestionButton/index.tsx": {"path":"/Users/humormac/Datamatters/Repos/portal-ui/src/components/Button/QuestionButton/index.tsx","statementMap":{"0":{"start":{"line":1,"column":0},"end":{"line":1,"column":61}},"1":{"start":{"line":2,"column":0},"end":{"line":2,"column":41}},"2":{"start":{"line":3,"column":0},"end":{"line":3,"column":30}},"3":{"start":{"line":4,"column":0},"end":{"line":4,"column":35}},"4":{"start":{"line":14,"column":11},"end":{"line":14,"column":34}},"5":{"start":{"line":16,"column":13},"end":{"line":30,"column":2}},"6":{"start":{"line":23,"column":2},"end":{"line":28,"column":null}},"7":{"start":{"line":32,"column":0},"end":{"line":32,"column":46}},"8":{"start":{"line":33,"column":0},"end":{"line":33,"column":30}}},"fnMap":{"0":{"name":"(anonymous_1)","decl":{"start":{"line":16,"column":56},"end":{"line":16,"column":57}},"loc":{"start":{"line":23,"column":2},"end":{"line":28,"column":null}}}},"branchMap":{},"s":{"0":14,"1":14,"2":14,"3":14,"4":14,"5":14,"6":608,"7":14,"8":14},"f":{"0":608},"b":{}}
,"/Users/humormac/Datamatters/Repos/portal-ui/src/components/Button/QuestionButton/styles.scss.d.ts": {"path":"/Users/humormac/Datamatters/Repos/portal-ui/src/components/Button/QuestionButton/styles.scss.d.ts","statementMap":{},"fnMap":{},"branchMap":{},"s":{},"f":{},"b":{}}
,"/Users/humormac/Datamatters/Repos/portal-ui/src/components/Checkbox/index.tsx": {"path":"/Users/humormac/Datamatters/Repos/portal-ui/src/components/Checkbox/index.tsx","statementMap":{"0":{"start":{"line":1,"column":0},"end":{"line":1,"column":62}},"1":{"start":{"line":2,"column":0},"end":{"line":2,"column":41}},"2":{"start":{"line":4,"column":0},"end":{"line":4,"column":45}},"3":{"start":{"line":6,"column":0},"end":{"line":6,"column":35}},"4":{"start":{"line":15,"column":11},"end":{"line":15,"column":34}},"5":{"start":{"line":17,"column":13},"end":{"line":35,"column":2}},"6":{"start":{"line":23,"column":2},"end":{"line":34,"column":4}},"7":{"start":{"line":37,"column":0},"end":{"line":37,"column":34}},"8":{"start":{"line":38,"column":0},"end":{"line":38,"column":24}}},"fnMap":{"0":{"name":"(anonymous_1)","decl":{"start":{"line":17,"column":50},"end":{"line":17,"column":51}},"loc":{"start":{"line":22,"column":12},"end":{"line":35,"column":1}}}},"branchMap":{"0":{"loc":{"start":{"line":32,"column":7},"end":{"line":32,"column":14}},"type":"binary-expr","locations":[{"start":{"line":32,"column":7},"end":{"line":32,"column":14}},{"start":{"line":32,"column":18},"end":{"line":32,"column":50}}]}},"s":{"0":2,"1":2,"2":2,"3":2,"4":2,"5":2,"6":4,"7":2,"8":2},"f":{"0":4},"b":{"0":[4,1]}}
,"/Users/humormac/Datamatters/Repos/portal-ui/src/components/Checkbox/styles.scss.d.ts": {"path":"/Users/humormac/Datamatters/Repos/portal-ui/src/components/Checkbox/styles.scss.d.ts","statementMap":{},"fnMap":{},"branchMap":{},"s":{},"f":{},"b":{}}
,"/Users/humormac/Datamatters/Repos/portal-ui/src/components/ContactNote/index.tsx": {"path":"/Users/humormac/Datamatters/Repos/portal-ui/src/components/ContactNote/index.tsx","statementMap":{"0":{"start":{"line":1,"column":0},"end":{"line":1,"column":49}},"1":{"start":{"line":2,"column":0},"end":{"line":2,"column":41}},"2":{"start":{"line":3,"column":0},"end":{"line":3,"column":39}},"3":{"start":{"line":5,"column":0},"end":{"line":5,"column":37}},"4":{"start":{"line":7,"column":0},"end":{"line":7,"column":64}},"5":{"start":{"line":9,"column":0},"end":{"line":9,"column":35}},"6":{"start":{"line":25,"column":11},"end":{"line":25,"column":34}},"7":{"start":{"line":27,"column":46},"end":{"line":54,"column":1}},"8":{"start":{"line":35,"column":21},"end":{"line":35,"column":71}},"9":{"start":{"line":36,"column":27},"end":{"line":40,"column":4}},"10":{"start":{"line":42,"column":2},"end":{"line":53,"column":4}},"11":{"start":{"line":56,"column":0},"end":{"line":56,"column":40}},"12":{"start":{"line":57,"column":0},"end":{"line":57,"column":27}}},"fnMap":{"0":{"name":"(anonymous_1)","decl":{"start":{"line":27,"column":46},"end":{"line":27,"column":47}},"loc":{"start":{"line":34,"column":12},"end":{"line":54,"column":1}}}},"branchMap":{"0":{"loc":{"start":{"line":32,"column":8},"end":{"line":32,"column":22}},"type":"default-arg","locations":[{"start":{"line":32,"column":8},"end":{"line":32,"column":22}}]}},"s":{"0":2,"1":2,"2":2,"3":2,"4":2,"5":2,"6":2,"7":2,"8":8,"9":8,"10":8,"11":2,"12":2},"f":{"0":8},"b":{"0":[2]}}
,"/Users/humormac/Datamatters/Repos/portal-ui/src/components/ContactNote/styles.scss.d.ts": {"path":"/Users/humormac/Datamatters/Repos/portal-ui/src/components/ContactNote/styles.scss.d.ts","statementMap":{},"fnMap":{},"branchMap":{},"s":{},"f":{},"b":{}}
,"/Users/humormac/Datamatters/Repos/portal-ui/src/components/CustomerPolicy/index.tsx": {"path":"/Users/humormac/Datamatters/Repos/portal-ui/src/components/CustomerPolicy/index.tsx","statementMap":{"0":{"start":{"line":1,"column":0},"end":{"line":1,"column":49}},"1":{"start":{"line":3,"column":0},"end":{"line":3,"column":43}},"2":{"start":{"line":4,"column":0},"end":{"line":4,"column":45}},"3":{"start":{"line":5,"column":0},"end":{"line":5,"column":62}},"4":{"start":{"line":7,"column":0},"end":{"line":7,"column":35}},"5":{"start":{"line":13,"column":13},"end":{"line":27,"column":2}},"6":{"start":{"line":14,"column":15},"end":{"line":14,"column":44}},"7":{"start":{"line":16,"column":2},"end":{"line":18,"column":null}},"8":{"start":{"line":17,"column":4},"end":{"line":17,"column":16}},"9":{"start":{"line":20,"column":26},"end":{"line":24,"column":4}},"10":{"start":{"line":26,"column":2},"end":{"line":26,"column":87}},"11":{"start":{"line":29,"column":0},"end":{"line":29,"column":46}},"12":{"start":{"line":30,"column":0},"end":{"line":30,"column":30}}},"fnMap":{"0":{"name":"(anonymous_1)","decl":{"start":{"line":13,"column":56},"end":{"line":13,"column":57}},"loc":{"start":{"line":13,"column":78},"end":{"line":27,"column":1}}}},"branchMap":{"0":{"loc":{"start":{"line":16,"column":2},"end":{"line":18,"column":null}},"type":"if","locations":[{"start":{"line":16,"column":2},"end":{"line":18,"column":null}},{"start":{"line":16,"column":2},"end":{"line":18,"column":null}}]}},"s":{"0":2,"1":2,"2":2,"3":2,"4":2,"5":2,"6":6,"7":6,"8":1,"9":5,"10":5,"11":2,"12":2},"f":{"0":6},"b":{"0":[1,5]}}
,"/Users/humormac/Datamatters/Repos/portal-ui/src/components/CustomerPolicy/styles.scss.d.ts": {"path":"/Users/humormac/Datamatters/Repos/portal-ui/src/components/CustomerPolicy/styles.scss.d.ts","statementMap":{},"fnMap":{},"branchMap":{},"s":{},"f":{},"b":{}}
,"/Users/humormac/Datamatters/Repos/portal-ui/src/components/CustomerQuote/index.tsx": {"path":"/Users/humormac/Datamatters/Repos/portal-ui/src/components/CustomerQuote/index.tsx","statementMap":{"0":{"start":{"line":1,"column":0},"end":{"line":1,"column":49}},"1":{"start":{"line":3,"column":0},"end":{"line":3,"column":43}},"2":{"start":{"line":4,"column":0},"end":{"line":4,"column":43}},"3":{"start":{"line":5,"column":0},"end":{"line":5,"column":62}},"4":{"start":{"line":11,"column":13},"end":{"line":25,"column":2}},"5":{"start":{"line":12,"column":15},"end":{"line":12,"column":43}},"6":{"start":{"line":14,"column":2},"end":{"line":16,"column":null}},"7":{"start":{"line":15,"column":4},"end":{"line":15,"column":16}},"8":{"start":{"line":18,"column":26},"end":{"line":20,"column":4}},"9":{"start":{"line":22,"column":2},"end":{"line":24,"column":4}},"10":{"start":{"line":27,"column":0},"end":{"line":27,"column":44}},"11":{"start":{"line":28,"column":0},"end":{"line":28,"column":29}}},"fnMap":{"0":{"name":"(anonymous_1)","decl":{"start":{"line":11,"column":55},"end":{"line":11,"column":56}},"loc":{"start":{"line":11,"column":76},"end":{"line":25,"column":1}}}},"branchMap":{"0":{"loc":{"start":{"line":14,"column":2},"end":{"line":16,"column":null}},"type":"if","locations":[{"start":{"line":14,"column":2},"end":{"line":16,"column":null}},{"start":{"line":14,"column":2},"end":{"line":16,"column":null}}]}},"s":{"0":2,"1":2,"2":2,"3":2,"4":2,"5":5,"6":5,"7":1,"8":4,"9":4,"10":2,"11":2},"f":{"0":5},"b":{"0":[1,4]}}
,"/Users/humormac/Datamatters/Repos/portal-ui/src/components/Dropdown/index.tsx": {"path":"/Users/humormac/Datamatters/Repos/portal-ui/src/components/Dropdown/index.tsx","statementMap":{"0":{"start":{"line":1,"column":0},"end":{"line":1,"column":49}},"1":{"start":{"line":2,"column":0},"end":{"line":2,"column":41}},"2":{"start":{"line":4,"column":0},"end":{"line":4,"column":49}},"3":{"start":{"line":5,"column":0},"end":{"line":5,"column":35}},"4":{"start":{"line":26,"column":11},"end":{"line":26,"column":34}},"5":{"start":{"line":28,"column":26},"end":{"line":30,"column":1}},"6":{"start":{"line":29,"column":2},"end":{"line":29,"column":66}},"7":{"start":{"line":32,"column":13},"end":{"line":68,"column":2}},"8":{"start":{"line":41,"column":23},"end":{"line":50,"column":4}},"9":{"start":{"line":42,"column":18},"end":{"line":42,"column":67}},"10":{"start":{"line":43,"column":17},"end":{"line":43,"column":65}},"11":{"start":{"line":45,"column":4},"end":{"line":49,"column":6}},"12":{"start":{"line":52,"column":2},"end":{"line":67,"column":4}},"13":{"start":{"line":57,"column":27},"end":{"line":57,"column":55}},"14":{"start":{"line":70,"column":0},"end":{"line":70,"column":34}},"15":{"start":{"line":71,"column":0},"end":{"line":71,"column":24}}},"fnMap":{"0":{"name":"(anonymous_1)","decl":{"start":{"line":28,"column":26},"end":{"line":28,"column":27}},"loc":{"start":{"line":28,"column":80},"end":{"line":30,"column":1}}},"1":{"name":"(anonymous_2)","decl":{"start":{"line":32,"column":50},"end":{"line":32,"column":51}},"loc":{"start":{"line":40,"column":12},"end":{"line":68,"column":1}}},"2":{"name":"(anonymous_3)","decl":{"start":{"line":41,"column":35},"end":{"line":41,"column":36}},"loc":{"start":{"line":41,"column":62},"end":{"line":50,"column":3}}},"3":{"name":"(anonymous_4)","decl":{"start":{"line":57,"column":18},"end":{"line":57,"column":23}},"loc":{"start":{"line":57,"column":27},"end":{"line":57,"column":55}}}},"branchMap":{"0":{"loc":{"start":{"line":29,"column":9},"end":{"line":29,"column":35}},"type":"binary-expr","locations":[{"start":{"line":29,"column":9},"end":{"line":29,"column":35}},{"start":{"line":29,"column":39},"end":{"line":29,"column":65}}]},"1":{"loc":{"start":{"line":38,"column":15},"end":{"line":38,"column":17}},"type":"default-arg","locations":[{"start":{"line":38,"column":15},"end":{"line":38,"column":17}}]},"2":{"loc":{"start":{"line":42,"column":46},"end":{"line":42,"column":52}},"type":"cond-expr","locations":[{"start":{"line":42,"column":46},"end":{"line":42,"column":52}},{"start":{"line":42,"column":55},"end":{"line":42,"column":67}}]},"3":{"loc":{"start":{"line":43,"column":45},"end":{"line":43,"column":51}},"type":"cond-expr","locations":[{"start":{"line":43,"column":45},"end":{"line":43,"column":51}},{"start":{"line":43,"column":54},"end":{"line":43,"column":65}}]},"4":{"loc":{"start":{"line":54,"column":7},"end":{"line":54,"column":12}},"type":"binary-expr","locations":[{"start":{"line":54,"column":7},"end":{"line":54,"column":12}},{"start":{"line":54,"column":16},"end":{"line":54,"column":63}}]},"5":{"loc":{"start":{"line":58,"column":15},"end":{"line":58,"column":23}},"type":"binary-expr","locations":[{"start":{"line":58,"column":15},"end":{"line":58,"column":23}},{"start":{"line":58,"column":27},"end":{"line":58,"column":29}}]},"6":{"loc":{"start":{"line":62,"column":11},"end":{"line":62,"column":22}},"type":"binary-expr","locations":[{"start":{"line":62,"column":11},"end":{"line":62,"column":22}},{"start":{"line":62,"column":26},"end":{"line":62,"column":38}}]}},"s":{"0":18,"1":18,"2":18,"3":18,"4":18,"5":18,"6":2090,"7":18,"8":78,"9":1045,"10":1045,"11":1045,"12":78,"13":1,"14":18,"15":18},"f":{"0":2090,"1":78,"2":1045,"3":1},"b":{"0":[2090,24],"1":[5],"2":[1033,12],"3":[1033,12],"4":[78,73],"5":[78,70],"6":[78,78]}}
,"/Users/humormac/Datamatters/Repos/portal-ui/src/components/Dropdown/styles.scss.d.ts": {"path":"/Users/humormac/Datamatters/Repos/portal-ui/src/components/Dropdown/styles.scss.d.ts","statementMap":{},"fnMap":{},"branchMap":{},"s":{},"f":{},"b":{}}
,"/Users/humormac/Datamatters/Repos/portal-ui/src/components/ExtendedCustomerQuote/index.tsx": {"path":"/Users/humormac/Datamatters/Repos/portal-ui/src/components/ExtendedCustomerQuote/index.tsx","statementMap":{"0":{"start":{"line":1,"column":0},"end":{"line":1,"column":61}},"1":{"start":{"line":2,"column":0},"end":{"line":2,"column":39}},"2":{"start":{"line":3,"column":0},"end":{"line":3,"column":62}},"3":{"start":{"line":4,"column":0},"end":{"line":4,"column":35}},"4":{"start":{"line":5,"column":0},"end":{"line":5,"column":68}},"5":{"start":{"line":6,"column":0},"end":{"line":6,"column":37}},"6":{"start":{"line":13,"column":13},"end":{"line":54,"column":2}},"7":{"start":{"line":14,"column":15},"end":{"line":14,"column":43}},"8":{"start":{"line":16,"column":2},"end":{"line":18,"column":null}},"9":{"start":{"line":17,"column":4},"end":{"line":17,"column":16}},"10":{"start":{"line":20,"column":50},"end":{"line":20,"column":55}},"11":{"start":{"line":21,"column":32},"end":{"line":21,"column":55}},"12":{"start":{"line":22,"column":20},"end":{"line":22,"column":54}},"13":{"start":{"line":24,"column":2},"end":{"line":53,"column":4}},"14":{"start":{"line":56,"column":0},"end":{"line":56,"column":60}},"15":{"start":{"line":57,"column":0},"end":{"line":57,"column":37}}},"fnMap":{"0":{"name":"(anonymous_1)","decl":{"start":{"line":13,"column":63},"end":{"line":13,"column":64}},"loc":{"start":{"line":13,"column":93},"end":{"line":54,"column":1}}}},"branchMap":{"0":{"loc":{"start":{"line":16,"column":2},"end":{"line":18,"column":null}},"type":"if","locations":[{"start":{"line":16,"column":2},"end":{"line":18,"column":null}},{"start":{"line":16,"column":2},"end":{"line":18,"column":null}}]},"1":{"loc":{"start":{"line":22,"column":31},"end":{"line":22,"column":41}},"type":"cond-expr","locations":[{"start":{"line":22,"column":31},"end":{"line":22,"column":41}},{"start":{"line":22,"column":44},"end":{"line":22,"column":54}}]},"2":{"loc":{"start":{"line":40,"column":9},"end":{"line":40,"column":23}},"type":"binary-expr","locations":[{"start":{"line":40,"column":9},"end":{"line":40,"column":23}},{"start":{"line":41,"column":10},"end":{"line":44,"column":null}}]}},"s":{"0":2,"1":2,"2":2,"3":2,"4":2,"5":2,"6":2,"7":7,"8":7,"9":1,"10":6,"11":6,"12":6,"13":6,"14":2,"15":2},"f":{"0":7},"b":{"0":[1,6],"1":[4,2],"2":[6,6]}}
,"/Users/humormac/Datamatters/Repos/portal-ui/src/components/ExtendedCustomerQuote/styles.scss.d.ts": {"path":"/Users/humormac/Datamatters/Repos/portal-ui/src/components/ExtendedCustomerQuote/styles.scss.d.ts","statementMap":{},"fnMap":{},"branchMap":{},"s":{},"f":{},"b":{}}
,"/Users/humormac/Datamatters/Repos/portal-ui/src/components/Footer/index.tsx": {"path":"/Users/humormac/Datamatters/Repos/portal-ui/src/components/Footer/index.tsx","statementMap":{"0":{"start":{"line":1,"column":0},"end":{"line":1,"column":26}},"1":{"start":{"line":3,"column":0},"end":{"line":3,"column":35}},"2":{"start":{"line":9,"column":13},"end":{"line":11,"column":2}},"3":{"start":{"line":10,"column":2},"end":{"line":10,"column":88}},"4":{"start":{"line":13,"column":0},"end":{"line":13,"column":30}},"5":{"start":{"line":14,"column":0},"end":{"line":14,"column":22}}},"fnMap":{"0":{"name":"(anonymous_1)","decl":{"start":{"line":9,"column":54},"end":{"line":9,"column":55}},"loc":{"start":{"line":10,"column":2},"end":{"line":10,"column":88}}}},"branchMap":{},"s":{"0":1,"1":1,"2":1,"3":1,"4":1,"5":1},"f":{"0":1},"b":{}}
,"/Users/humormac/Datamatters/Repos/portal-ui/src/components/Footer/styles.scss.d.ts": {"path":"/Users/humormac/Datamatters/Repos/portal-ui/src/components/Footer/styles.scss.d.ts","statementMap":{},"fnMap":{},"branchMap":{},"s":{},"f":{},"b":{}}
,"/Users/humormac/Datamatters/Repos/portal-ui/src/components/Header/index.tsx": {"path":"/Users/humormac/Datamatters/Repos/portal-ui/src/components/Header/index.tsx","statementMap":{"0":{"start":{"line":1,"column":0},"end":{"line":1,"column":60}},"1":{"start":{"line":3,"column":0},"end":{"line":3,"column":35}},"2":{"start":{"line":10,"column":20},"end":{"line":18,"column":1}},"3":{"start":{"line":11,"column":2},"end":{"line":17,"column":11}},"4":{"start":{"line":13,"column":8},"end":{"line":14,"column":null}},"5":{"start":{"line":20,"column":13},"end":{"line":27,"column":2}},"6":{"start":{"line":21,"column":2},"end":{"line":26,"column":4}},"7":{"start":{"line":29,"column":0},"end":{"line":29,"column":30}},"8":{"start":{"line":30,"column":0},"end":{"line":30,"column":22}}},"fnMap":{"0":{"name":"(anonymous_1)","decl":{"start":{"line":10,"column":20},"end":{"line":10,"column":21}},"loc":{"start":{"line":10,"column":44},"end":{"line":18,"column":1}}},"1":{"name":"(anonymous_2)","decl":{"start":{"line":12,"column":16},"end":{"line":12,"column":17}},"loc":{"start":{"line":13,"column":8},"end":{"line":14,"column":null}}},"2":{"name":"(anonymous_3)","decl":{"start":{"line":20,"column":48},"end":{"line":20,"column":49}},"loc":{"start":{"line":20,"column":85},"end":{"line":27,"column":1}}}},"branchMap":{"0":{"loc":{"start":{"line":12,"column":6},"end":{"line":16,"column":8}},"type":"cond-expr","locations":[{"start":{"line":12,"column":6},"end":{"line":16,"column":8}},{"start":{"line":17,"column":6},"end":{"line":17,"column":10}}]}},"s":{"0":2,"1":2,"2":2,"3":40,"4":78,"5":2,"6":20,"7":2,"8":2},"f":{"0":40,"1":78,"2":20},"b":{"0":[38,2]}}
,"/Users/humormac/Datamatters/Repos/portal-ui/src/components/Header/styles.scss.d.ts": {"path":"/Users/humormac/Datamatters/Repos/portal-ui/src/components/Header/styles.scss.d.ts","statementMap":{},"fnMap":{},"branchMap":{},"s":{},"f":{},"b":{}}
,"/Users/humormac/Datamatters/Repos/portal-ui/src/components/Header/SearchHeader/index.tsx": {"path":"/Users/humormac/Datamatters/Repos/portal-ui/src/components/Header/SearchHeader/index.tsx","statementMap":{"0":{"start":{"line":1,"column":0},"end":{"line":1,"column":49}},"1":{"start":{"line":2,"column":0},"end":{"line":2,"column":55}},"2":{"start":{"line":4,"column":0},"end":{"line":4,"column":52}},"3":{"start":{"line":5,"column":0},"end":{"line":5,"column":44}},"4":{"start":{"line":7,"column":0},"end":{"line":7,"column":38}},"5":{"start":{"line":8,"column":0},"end":{"line":8,"column":38}},"6":{"start":{"line":9,"column":0},"end":{"line":9,"column":40}},"7":{"start":{"line":10,"column":0},"end":{"line":10,"column":24}},"8":{"start":{"line":12,"column":0},"end":{"line":12,"column":73}},"9":{"start":{"line":14,"column":0},"end":{"line":14,"column":35}},"10":{"start":{"line":16,"column":13},"end":{"line":63,"column":2}},"11":{"start":{"line":17,"column":19},"end":{"line":17,"column":32}},"12":{"start":{"line":21,"column":6},"end":{"line":24,"column":5}},"13":{"start":{"line":21,"column":45},"end":{"line":24,"column":4}},"14":{"start":{"line":25,"column":27},"end":{"line":25,"column":60}},"15":{"start":{"line":25,"column":43},"end":{"line":25,"column":60}},"16":{"start":{"line":26,"column":34},"end":{"line":26,"column":96}},"17":{"start":{"line":26,"column":58},"end":{"line":26,"column":96}},"18":{"start":{"line":28,"column":29},"end":{"line":30,"column":3}},"19":{"start":{"line":29,"column":4},"end":{"line":29,"column":64}},"20":{"start":{"line":32,"column":2},"end":{"line":62,"column":4}},"21":{"start":{"line":65,"column":0},"end":{"line":65,"column":42}},"22":{"start":{"line":66,"column":0},"end":{"line":66,"column":28}}},"fnMap":{"0":{"name":"(anonymous_1)","decl":{"start":{"line":16,"column":47},"end":{"line":16,"column":50}},"loc":{"start":{"line":16,"column":52},"end":{"line":63,"column":1}}},"1":{"name":"(anonymous_2)","decl":{"start":{"line":21,"column":18},"end":{"line":21,"column":19}},"loc":{"start":{"line":21,"column":45},"end":{"line":24,"column":4}}},"2":{"name":"(anonymous_3)","decl":{"start":{"line":25,"column":27},"end":{"line":25,"column":28}},"loc":{"start":{"line":25,"column":43},"end":{"line":25,"column":60}}},"3":{"name":"(anonymous_4)","decl":{"start":{"line":26,"column":34},"end":{"line":26,"column":35}},"loc":{"start":{"line":26,"column":58},"end":{"line":26,"column":96}}},"4":{"name":"(anonymous_5)","decl":{"start":{"line":28,"column":29},"end":{"line":28,"column":30}},"loc":{"start":{"line":28,"column":52},"end":{"line":30,"column":3}}}},"branchMap":{"0":{"loc":{"start":{"line":59,"column":15},"end":{"line":59,"column":73}},"type":"cond-expr","locations":[{"start":{"line":59,"column":15},"end":{"line":59,"column":73}},{"start":{"line":59,"column":76},"end":{"line":59,"column":85}}]}},"s":{"0":1,"1":1,"2":1,"3":1,"4":1,"5":1,"6":1,"7":1,"8":1,"9":1,"10":1,"11":17,"12":17,"13":26,"14":17,"15":1,"16":17,"17":1,"18":17,"19":1,"20":17,"21":1,"22":1},"f":{"0":17,"1":26,"2":1,"3":1,"4":1},"b":{"0":[15,2]}}
,"/Users/humormac/Datamatters/Repos/portal-ui/src/components/Header/SearchHeader/styles.scss.d.ts": {"path":"/Users/humormac/Datamatters/Repos/portal-ui/src/components/Header/SearchHeader/styles.scss.d.ts","statementMap":{},"fnMap":{},"branchMap":{},"s":{},"f":{},"b":{}}
,"/Users/humormac/Datamatters/Repos/portal-ui/src/components/IconLink/index.tsx": {"path":"/Users/humormac/Datamatters/Repos/portal-ui/src/components/IconLink/index.tsx","statementMap":{"0":{"start":{"line":1,"column":0},"end":{"line":1,"column":60}},"1":{"start":{"line":2,"column":0},"end":{"line":2,"column":41}},"2":{"start":{"line":4,"column":0},"end":{"line":4,"column":64}},"3":{"start":{"line":6,"column":0},"end":{"line":6,"column":35}},"4":{"start":{"line":19,"column":11},"end":{"line":19,"column":34}},"5":{"start":{"line":21,"column":13},"end":{"line":49,"column":2}},"6":{"start":{"line":31,"column":21},"end":{"line":35,"column":4}},"7":{"start":{"line":36,"column":20},"end":{"line":36,"column":59}},"8":{"start":{"line":37,"column":2},"end":{"line":48,"column":4}},"9":{"start":{"line":51,"column":0},"end":{"line":51,"column":34}},"10":{"start":{"line":52,"column":0},"end":{"line":52,"column":24}}},"fnMap":{"0":{"name":"(anonymous_1)","decl":{"start":{"line":21,"column":50},"end":{"line":21,"column":51}},"loc":{"start":{"line":30,"column":12},"end":{"line":49,"column":1}}}},"branchMap":{"0":{"loc":{"start":{"line":27,"column":8},"end":{"line":27,"column":22}},"type":"default-arg","locations":[{"start":{"line":27,"column":8},"end":{"line":27,"column":22}}]},"1":{"loc":{"start":{"line":29,"column":22},"end":{"line":29,"column":24}},"type":"default-arg","locations":[{"start":{"line":29,"column":22},"end":{"line":29,"column":24}}]},"2":{"loc":{"start":{"line":42,"column":23},"end":{"line":42,"column":31}},"type":"cond-expr","locations":[{"start":{"line":42,"column":23},"end":{"line":42,"column":31}},{"start":{"line":42,"column":34},"end":{"line":42,"column":43}}]}},"s":{"0":6,"1":6,"2":6,"3":6,"4":6,"5":6,"6":41,"7":41,"8":41,"9":6,"10":6},"f":{"0":41},"b":{"0":[4],"1":[40],"2":[1,40]}}
,"/Users/humormac/Datamatters/Repos/portal-ui/src/components/IconLink/styles.scss.d.ts": {"path":"/Users/humormac/Datamatters/Repos/portal-ui/src/components/IconLink/styles.scss.d.ts","statementMap":{},"fnMap":{},"branchMap":{},"s":{},"f":{},"b":{}}
,"/Users/humormac/Datamatters/Repos/portal-ui/src/components/IconLink/MoreActionsLink/index.tsx": {"path":"/Users/humormac/Datamatters/Repos/portal-ui/src/components/IconLink/MoreActionsLink/index.tsx","statementMap":{"0":{"start":{"line":1,"column":0},"end":{"line":1,"column":61}},"1":{"start":{"line":2,"column":0},"end":{"line":2,"column":44}},"2":{"start":{"line":3,"column":0},"end":{"line":3,"column":32}},"3":{"start":{"line":4,"column":0},"end":{"line":4,"column":35}},"4":{"start":{"line":10,"column":13},"end":{"line":16,"column":2}},"5":{"start":{"line":11,"column":2},"end":{"line":14,"column":null}},"6":{"start":{"line":18,"column":0},"end":{"line":18,"column":31}}},"fnMap":{"0":{"name":"(anonymous_1)","decl":{"start":{"line":10,"column":57},"end":{"line":10,"column":58}},"loc":{"start":{"line":11,"column":2},"end":{"line":14,"column":null}}}},"branchMap":{},"s":{"0":3,"1":3,"2":3,"3":3,"4":3,"5":1,"6":3},"f":{"0":1},"b":{}}
,"/Users/humormac/Datamatters/Repos/portal-ui/src/components/IconLink/MoreActionsLink/styles.scss.d.ts": {"path":"/Users/humormac/Datamatters/Repos/portal-ui/src/components/IconLink/MoreActionsLink/styles.scss.d.ts","statementMap":{},"fnMap":{},"branchMap":{},"s":{},"f":{},"b":{}}
,"/Users/humormac/Datamatters/Repos/portal-ui/src/components/InfoBox/index.tsx": {"path":"/Users/humormac/Datamatters/Repos/portal-ui/src/components/InfoBox/index.tsx","statementMap":{"0":{"start":{"line":1,"column":0},"end":{"line":1,"column":60}},"1":{"start":{"line":2,"column":0},"end":{"line":2,"column":41}},"2":{"start":{"line":4,"column":0},"end":{"line":4,"column":35}},"3":{"start":{"line":17,"column":11},"end":{"line":17,"column":34}},"4":{"start":{"line":19,"column":13},"end":{"line":61,"column":2}},"5":{"start":{"line":29,"column":20},"end":{"line":33,"column":4}},"6":{"start":{"line":30,"column":4},"end":{"line":31,"column":null}},"7":{"start":{"line":34,"column":23},"end":{"line":34,"column":68}},"8":{"start":{"line":36,"column":2},"end":{"line":60,"column":4}},"9":{"start":{"line":63,"column":0},"end":{"line":63,"column":32}},"10":{"start":{"line":64,"column":0},"end":{"line":64,"column":23}}},"fnMap":{"0":{"name":"(anonymous_1)","decl":{"start":{"line":19,"column":49},"end":{"line":19,"column":50}},"loc":{"start":{"line":28,"column":12},"end":{"line":61,"column":1}}},"1":{"name":"(anonymous_2)","decl":{"start":{"line":29,"column":30},"end":{"line":29,"column":31}},"loc":{"start":{"line":30,"column":4},"end":{"line":31,"column":null}}}},"branchMap":{"0":{"loc":{"start":{"line":20,"column":10},"end":{"line":20,"column":12}},"type":"default-arg","locations":[{"start":{"line":20,"column":10},"end":{"line":20,"column":12}}]},"1":{"loc":{"start":{"line":23,"column":16},"end":{"line":23,"column":18}},"type":"default-arg","locations":[{"start":{"line":23,"column":16},"end":{"line":23,"column":18}}]},"2":{"loc":{"start":{"line":26,"column":22},"end":{"line":26,"column":24}},"type":"default-arg","locations":[{"start":{"line":26,"column":22},"end":{"line":26,"column":24}}]},"3":{"loc":{"start":{"line":27,"column":28},"end":{"line":27,"column":30}},"type":"default-arg","locations":[{"start":{"line":27,"column":28},"end":{"line":27,"column":30}}]},"4":{"loc":{"start":{"line":34,"column":44},"end":{"line":34,"column":56}},"type":"cond-expr","locations":[{"start":{"line":34,"column":44},"end":{"line":34,"column":56}},{"start":{"line":34,"column":59},"end":{"line":34,"column":68}}]},"5":{"loc":{"start":{"line":38,"column":7},"end":{"line":38,"column":13}},"type":"binary-expr","locations":[{"start":{"line":38,"column":7},"end":{"line":38,"column":13}},{"start":{"line":39,"column":8},"end":{"line":54,"column":null}}]},"6":{"loc":{"start":{"line":52,"column":13},"end":{"line":52,"column":33}},"type":"binary-expr","locations":[{"start":{"line":52,"column":13},"end":{"line":52,"column":33}},{"start":{"line":52,"column":37},"end":{"line":52,"column":94}}]},"7":{"loc":{"start":{"line":54,"column":11},"end":{"line":54,"column":20}},"type":"binary-expr","locations":[{"start":{"line":54,"column":11},"end":{"line":54,"column":20}},{"start":{"line":54,"column":24},"end":{"line":54,"column":75}}]}},"s":{"0":7,"1":7,"2":7,"3":7,"4":7,"5":17,"6":69,"7":17,"8":17,"9":7,"10":7},"f":{"0":17,"1":69},"b":{"0":[1],"1":[16],"2":[16],"3":[17],"4":[16,1],"5":[17,10],"6":[10,1],"7":[10,1]}}
,"/Users/humormac/Datamatters/Repos/portal-ui/src/components/InfoBox/styles.scss.d.ts": {"path":"/Users/humormac/Datamatters/Repos/portal-ui/src/components/InfoBox/styles.scss.d.ts","statementMap":{},"fnMap":{},"branchMap":{},"s":{},"f":{},"b":{}}
,"/Users/humormac/Datamatters/Repos/portal-ui/src/components/InfoBox/PolicyHolderDetails/index.tsx": {"path":"/Users/humormac/Datamatters/Repos/portal-ui/src/components/InfoBox/PolicyHolderDetails/index.tsx","statementMap":{"0":{"start":{"line":1,"column":0},"end":{"line":1,"column":61}},"1":{"start":{"line":2,"column":0},"end":{"line":2,"column":39}},"2":{"start":{"line":4,"column":0},"end":{"line":4,"column":61}},"3":{"start":{"line":5,"column":0},"end":{"line":5,"column":25}},"4":{"start":{"line":7,"column":0},"end":{"line":7,"column":35}},"5":{"start":{"line":24,"column":54},"end":{"line":65,"column":1}},"6":{"start":{"line":31,"column":18},"end":{"line":33,"column":15}},"7":{"start":{"line":32,"column":19},"end":{"line":32,"column":50}},"8":{"start":{"line":35,"column":19},"end":{"line":38,"column":4}},"9":{"start":{"line":36,"column":20},"end":{"line":36,"column":83}},"10":{"start":{"line":37,"column":4},"end":{"line":37,"column":99}},"11":{"start":{"line":41,"column":4},"end":{"line":52,"column":null}},"12":{"start":{"line":56,"column":2},"end":{"line":64,"column":4}},"13":{"start":{"line":67,"column":0},"end":{"line":67,"column":56}},"14":{"start":{"line":68,"column":0},"end":{"line":68,"column":35}}},"fnMap":{"0":{"name":"(anonymous_1)","decl":{"start":{"line":24,"column":54},"end":{"line":24,"column":55}},"loc":{"start":{"line":30,"column":12},"end":{"line":65,"column":1}}},"1":{"name":"(anonymous_2)","decl":{"start":{"line":32,"column":12},"end":{"line":32,"column":15}},"loc":{"start":{"line":32,"column":19},"end":{"line":32,"column":50}}},"2":{"name":"(anonymous_3)","decl":{"start":{"line":35,"column":54},"end":{"line":35,"column":55}},"loc":{"start":{"line":35,"column":73},"end":{"line":38,"column":3}}}},"branchMap":{"0":{"loc":{"start":{"line":32,"column":19},"end":{"line":32,"column":36}},"type":"binary-expr","locations":[{"start":{"line":32,"column":19},"end":{"line":32,"column":36}},{"start":{"line":32,"column":40},"end":{"line":32,"column":50}}]},"1":{"loc":{"start":{"line":36,"column":74},"end":{"line":36,"column":78}},"type":"cond-expr","locations":[{"start":{"line":36,"column":74},"end":{"line":36,"column":78}},{"start":{"line":36,"column":81},"end":{"line":36,"column":83}}]},"2":{"loc":{"start":{"line":44,"column":7},"end":{"line":44,"column":34}},"type":"binary-expr","locations":[{"start":{"line":44,"column":7},"end":{"line":44,"column":34}},{"start":{"line":45,"column":8},"end":{"line":46,"column":null}}]},"3":{"loc":{"start":{"line":58,"column":27},"end":{"line":58,"column":34}},"type":"cond-expr","locations":[{"start":{"line":58,"column":27},"end":{"line":58,"column":34}},{"start":{"line":58,"column":37},"end":{"line":58,"column":45}}]}},"s":{"0":1,"1":1,"2":1,"3":1,"4":1,"5":1,"6":2,"7":14,"8":2,"9":6,"10":6,"11":2,"12":2,"13":1,"14":1},"f":{"0":2,"1":14,"2":6},"b":{"0":[14,14],"1":[4,2],"2":[2,2],"3":[1,1]}}
,"/Users/humormac/Datamatters/Repos/portal-ui/src/components/InfoBox/PolicyHolderDetails/styles.scss.d.ts": {"path":"/Users/humormac/Datamatters/Repos/portal-ui/src/components/InfoBox/PolicyHolderDetails/styles.scss.d.ts","statementMap":{},"fnMap":{},"branchMap":{},"s":{},"f":{},"b":{}}
,"/Users/humormac/Datamatters/Repos/portal-ui/src/components/JourneyProgress/index.tsx": {"path":"/Users/humormac/Datamatters/Repos/portal-ui/src/components/JourneyProgress/index.tsx","statementMap":{"0":{"start":{"line":1,"column":0},"end":{"line":1,"column":49}},"1":{"start":{"line":3,"column":0},"end":{"line":3,"column":41}},"2":{"start":{"line":4,"column":0},"end":{"line":4,"column":35}},"3":{"start":{"line":6,"column":11},"end":{"line":6,"column":34}},"4":{"start":{"line":19,"column":13},"end":{"line":38,"column":2}},"5":{"start":{"line":24,"column":2},"end":{"line":36,"column":null}},"6":{"start":{"line":26,"column":6},"end":{"line":34,"column":null}},"7":{"start":{"line":30,"column":35},"end":{"line":30,"column":49}},"8":{"start":{"line":40,"column":0},"end":{"line":40,"column":48}},"9":{"start":{"line":41,"column":0},"end":{"line":41,"column":31}}},"fnMap":{"0":{"name":"(anonymous_1)","decl":{"start":{"line":19,"column":57},"end":{"line":19,"column":58}},"loc":{"start":{"line":24,"column":2},"end":{"line":36,"column":null}}},"1":{"name":"(anonymous_2)","decl":{"start":{"line":25,"column":15},"end":{"line":25,"column":16}},"loc":{"start":{"line":26,"column":6},"end":{"line":34,"column":null}}},"2":{"name":"(anonymous_3)","decl":{"start":{"line":30,"column":29},"end":{"line":30,"column":32}},"loc":{"start":{"line":30,"column":35},"end":{"line":30,"column":49}}}},"branchMap":{"0":{"loc":{"start":{"line":29,"column":24},"end":{"line":29,"column":33}},"type":"cond-expr","locations":[{"start":{"line":29,"column":24},"end":{"line":29,"column":33}},{"start":{"line":29,"column":36},"end":{"line":29,"column":44}}]},"1":{"loc":{"start":{"line":30,"column":17},"end":{"line":30,"column":24}},"type":"binary-expr","locations":[{"start":{"line":30,"column":17},"end":{"line":30,"column":24}},{"start":{"line":30,"column":29},"end":{"line":30,"column":49}}]}},"s":{"0":1,"1":1,"2":1,"3":1,"4":1,"5":5,"6":15,"7":3,"8":1,"9":1},"f":{"0":5,"1":15,"2":3},"b":{"0":[3,12],"1":[15,3]}}
,"/Users/humormac/Datamatters/Repos/portal-ui/src/components/JourneyProgress/styles.scss.d.ts": {"path":"/Users/humormac/Datamatters/Repos/portal-ui/src/components/JourneyProgress/styles.scss.d.ts","statementMap":{},"fnMap":{},"branchMap":{},"s":{},"f":{},"b":{}}
,"/Users/humormac/Datamatters/Repos/portal-ui/src/components/Link/index.tsx": {"path":"/Users/humormac/Datamatters/Repos/portal-ui/src/components/Link/index.tsx","statementMap":{"0":{"start":{"line":1,"column":0},"end":{"line":1,"column":72}},"1":{"start":{"line":3,"column":0},"end":{"line":3,"column":35}},"2":{"start":{"line":14,"column":13},"end":{"line":31,"column":2}},"3":{"start":{"line":22,"column":2},"end":{"line":29,"column":null}},"4":{"start":{"line":33,"column":0},"end":{"line":33,"column":26}},"5":{"start":{"line":34,"column":0},"end":{"line":34,"column":20}}},"fnMap":{"0":{"name":"(anonymous_1)","decl":{"start":{"line":14,"column":46},"end":{"line":14,"column":47}},"loc":{"start":{"line":22,"column":2},"end":{"line":29,"column":null}}}},"branchMap":{"0":{"loc":{"start":{"line":23,"column":28},"end":{"line":23,"column":47}},"type":"cond-expr","locations":[{"start":{"line":23,"column":28},"end":{"line":23,"column":47}},{"start":{"line":23,"column":50},"end":{"line":23,"column":61}}]},"1":{"loc":{"start":{"line":25,"column":33},"end":{"line":25,"column":41}},"type":"cond-expr","locations":[{"start":{"line":25,"column":33},"end":{"line":25,"column":41}},{"start":{"line":25,"column":44},"end":{"line":25,"column":53}}]},"2":{"loc":{"start":{"line":25,"column":12},"end":{"line":25,"column":20}},"type":"binary-expr","locations":[{"start":{"line":25,"column":12},"end":{"line":25,"column":20}},{"start":{"line":25,"column":24},"end":{"line":25,"column":30}}]}},"s":{"0":17,"1":17,"2":17,"3":88,"4":17,"5":17},"f":{"0":88},"b":{"0":[85,3],"1":[1,87],"2":[88,86]}}
,"/Users/humormac/Datamatters/Repos/portal-ui/src/components/Link/styles.scss.d.ts": {"path":"/Users/humormac/Datamatters/Repos/portal-ui/src/components/Link/styles.scss.d.ts","statementMap":{},"fnMap":{},"branchMap":{},"s":{},"f":{},"b":{}}
,"/Users/humormac/Datamatters/Repos/portal-ui/src/components/LivePolicies/index.tsx": {"path":"/Users/humormac/Datamatters/Repos/portal-ui/src/components/LivePolicies/index.tsx","statementMap":{"0":{"start":{"line":1,"column":0},"end":{"line":1,"column":49}},"1":{"start":{"line":3,"column":0},"end":{"line":3,"column":35}},"2":{"start":{"line":9,"column":13},"end":{"line":14,"column":2}},"3":{"start":{"line":10,"column":2},"end":{"line":12,"column":null}},"4":{"start":{"line":16,"column":0},"end":{"line":16,"column":42}},"5":{"start":{"line":17,"column":0},"end":{"line":17,"column":28}}},"fnMap":{"0":{"name":"(anonymous_1)","decl":{"start":{"line":9,"column":54},"end":{"line":9,"column":55}},"loc":{"start":{"line":10,"column":2},"end":{"line":12,"column":null}}}},"branchMap":{},"s":{"0":1,"1":1,"2":1,"3":2,"4":1,"5":1},"f":{"0":2},"b":{}}
,"/Users/humormac/Datamatters/Repos/portal-ui/src/components/LivePolicies/styles.scss.d.ts": {"path":"/Users/humormac/Datamatters/Repos/portal-ui/src/components/LivePolicies/styles.scss.d.ts","statementMap":{},"fnMap":{},"branchMap":{},"s":{},"f":{},"b":{}}
,"/Users/humormac/Datamatters/Repos/portal-ui/src/components/Lookup/index.tsx": {"path":"/Users/humormac/Datamatters/Repos/portal-ui/src/components/Lookup/index.tsx","statementMap":{"0":{"start":{"line":1,"column":0},"end":{"line":1,"column":74}},"1":{"start":{"line":3,"column":0},"end":{"line":3,"column":31}},"2":{"start":{"line":4,"column":0},"end":{"line":4,"column":37}},"3":{"start":{"line":6,"column":0},"end":{"line":6,"column":35}},"4":{"start":{"line":20,"column":13},"end":{"line":60,"column":2}},"5":{"start":{"line":31,"column":17},"end":{"line":31,"column":52}},"6":{"start":{"line":32,"column":2},"end":{"line":59,"column":4}},"7":{"start":{"line":62,"column":0},"end":{"line":62,"column":30}},"8":{"start":{"line":63,"column":0},"end":{"line":63,"column":22}}},"fnMap":{"0":{"name":"(anonymous_1)","decl":{"start":{"line":20,"column":48},"end":{"line":20,"column":49}},"loc":{"start":{"line":30,"column":12},"end":{"line":60,"column":1}}}},"branchMap":{"0":{"loc":{"start":{"line":31,"column":17},"end":{"line":31,"column":27}},"type":"binary-expr","locations":[{"start":{"line":31,"column":17},"end":{"line":31,"column":27}},{"start":{"line":31,"column":31},"end":{"line":31,"column":52}}]},"1":{"loc":{"start":{"line":42,"column":15},"end":{"line":42,"column":26}},"type":"binary-expr","locations":[{"start":{"line":42,"column":15},"end":{"line":42,"column":26}},{"start":{"line":42,"column":30},"end":{"line":42,"column":38}}]},"2":{"loc":{"start":{"line":46,"column":42},"end":{"line":46,"column":68}},"type":"cond-expr","locations":[{"start":{"line":46,"column":42},"end":{"line":46,"column":68}},{"start":{"line":46,"column":71},"end":{"line":46,"column":73}}]},"3":{"loc":{"start":{"line":49,"column":8},"end":{"line":53,"column":null}},"type":"cond-expr","locations":[{"start":{"line":49,"column":8},"end":{"line":53,"column":null}},{"start":{"line":56,"column":8},"end":{"line":56,"column":17}}]},"4":{"loc":{"start":{"line":48,"column":7},"end":{"line":48,"column":27}},"type":"binary-expr","locations":[{"start":{"line":48,"column":7},"end":{"line":48,"column":27}},{"start":{"line":48,"column":31},"end":{"line":48,"column":46}}]},"5":{"loc":{"start":{"line":53,"column":44},"end":{"line":53,"column":72}},"type":"cond-expr","locations":[{"start":{"line":53,"column":44},"end":{"line":53,"column":72}},{"start":{"line":53,"column":75},"end":{"line":53,"column":77}}]}},"s":{"0":8,"1":8,"2":8,"3":8,"4":8,"5":9,"6":9,"7":8,"8":8},"f":{"0":9},"b":{"0":[9,6],"1":[9,1],"2":[6,3],"3":[7,2],"4":[9,7],"5":[6,1]}}
,"/Users/humormac/Datamatters/Repos/portal-ui/src/components/Lookup/styles.scss.d.ts": {"path":"/Users/humormac/Datamatters/Repos/portal-ui/src/components/Lookup/styles.scss.d.ts","statementMap":{},"fnMap":{},"branchMap":{},"s":{},"f":{},"b":{}}
,"/Users/humormac/Datamatters/Repos/portal-ui/src/components/Modal/index.tsx": {"path":"/Users/humormac/Datamatters/Repos/portal-ui/src/components/Modal/index.tsx","statementMap":{"0":{"start":{"line":1,"column":0},"end":{"line":1,"column":100}},"1":{"start":{"line":2,"column":0},"end":{"line":2,"column":38}},"2":{"start":{"line":3,"column":0},"end":{"line":3,"column":55}},"3":{"start":{"line":4,"column":0},"end":{"line":4,"column":41}},"4":{"start":{"line":6,"column":0},"end":{"line":6,"column":46}},"5":{"start":{"line":8,"column":0},"end":{"line":8,"column":77}},"6":{"start":{"line":10,"column":0},"end":{"line":10,"column":35}},"7":{"start":{"line":25,"column":11},"end":{"line":25,"column":34}},"8":{"start":{"line":27,"column":28},"end":{"line":27,"column":90}},"9":{"start":{"line":27,"column":34},"end":{"line":27,"column":90}},"10":{"start":{"line":30,"column":28},"end":{"line":30,"column":31}},"11":{"start":{"line":31,"column":27},"end":{"line":31,"column":30}},"12":{"start":{"line":33,"column":13},"end":{"line":116,"column":2}},"13":{"start":{"line":40,"column":46},"end":{"line":40,"column":61}},"14":{"start":{"line":41,"column":48},"end":{"line":41,"column":63}},"15":{"start":{"line":42,"column":38},"end":{"line":42,"column":53}},"16":{"start":{"line":43,"column":70},"end":{"line":43,"column":80}},"17":{"start":{"line":44,"column":47},"end":{"line":44,"column":59}},"18":{"start":{"line":46,"column":32},"end":{"line":49,"column":3}},"19":{"start":{"line":47,"column":4},"end":{"line":47,"column":28}},"20":{"start":{"line":48,"column":4},"end":{"line":48,"column":52}},"21":{"start":{"line":50,"column":29},"end":{"line":56,"column":3}},"22":{"start":{"line":52,"column":6},"end":{"line":54,"column":63}},"23":{"start":{"line":55,"column":4},"end":{"line":55,"column":43}},"24":{"start":{"line":57,"column":20},"end":{"line":57,"column":98}},"25":{"start":{"line":57,"column":46},"end":{"line":57,"column":98}},"26":{"start":{"line":59,"column":2},"end":{"line":63,"column":9}},"27":{"start":{"line":60,"column":4},"end":{"line":60,"column":55}},"28":{"start":{"line":61,"column":20},"end":{"line":61,"column":79}},"29":{"start":{"line":61,"column":26},"end":{"line":61,"column":79}},"30":{"start":{"line":62,"column":4},"end":{"line":62,"column":19}},"31":{"start":{"line":65,"column":2},"end":{"line":79,"column":18}},"32":{"start":{"line":66,"column":4},"end":{"line":77,"column":null}},"33":{"start":{"line":67,"column":6},"end":{"line":67,"column":26}},"34":{"start":{"line":68,"column":6},"end":{"line":68,"column":30}},"35":{"start":{"line":69,"column":6},"end":{"line":69,"column":68}},"36":{"start":{"line":69,"column":23},"end":{"line":69,"column":45}},"37":{"start":{"line":72,"column":6},"end":{"line":74,"column":null}},"38":{"start":{"line":73,"column":8},"end":{"line":73,"column":26}},"39":{"start":{"line":75,"column":6},"end":{"line":75,"column":30}},"40":{"start":{"line":76,"column":6},"end":{"line":76,"column":69}},"41":{"start":{"line":76,"column":23},"end":{"line":76,"column":47}},"42":{"start":{"line":78,"column":4},"end":{"line":78,"column":24}},"43":{"start":{"line":81,"column":2},"end":{"line":115,"column":4}},"44":{"start":{"line":118,"column":0},"end":{"line":118,"column":28}},"45":{"start":{"line":119,"column":0},"end":{"line":119,"column":21}}},"fnMap":{"0":{"name":"(anonymous_2)","decl":{"start":{"line":27,"column":28},"end":{"line":27,"column":31}},"loc":{"start":{"line":27,"column":34},"end":{"line":27,"column":90}}},"1":{"name":"(anonymous_3)","decl":{"start":{"line":33,"column":47},"end":{"line":33,"column":48}},"loc":{"start":{"line":39,"column":12},"end":{"line":116,"column":1}}},"2":{"name":"(anonymous_4)","decl":{"start":{"line":46,"column":32},"end":{"line":46,"column":33}},"loc":{"start":{"line":46,"column":73},"end":{"line":49,"column":3}}},"3":{"name":"(anonymous_5)","decl":{"start":{"line":50,"column":29},"end":{"line":50,"column":30}},"loc":{"start":{"line":50,"column":70},"end":{"line":56,"column":3}}},"4":{"name":"(anonymous_6)","decl":{"start":{"line":57,"column":20},"end":{"line":57,"column":21}},"loc":{"start":{"line":57,"column":46},"end":{"line":57,"column":98}}},"5":{"name":"(anonymous_7)","decl":{"start":{"line":59,"column":12},"end":{"line":59,"column":15}},"loc":{"start":{"line":59,"column":17},"end":{"line":63,"column":3}}},"6":{"name":"(anonymous_8)","decl":{"start":{"line":61,"column":20},"end":{"line":61,"column":23}},"loc":{"start":{"line":61,"column":26},"end":{"line":61,"column":79}}},"7":{"name":"(anonymous_9)","decl":{"start":{"line":65,"column":12},"end":{"line":65,"column":15}},"loc":{"start":{"line":65,"column":17},"end":{"line":79,"column":3}}},"8":{"name":"(anonymous_10)","decl":{"start":{"line":69,"column":17},"end":{"line":69,"column":20}},"loc":{"start":{"line":69,"column":23},"end":{"line":69,"column":45}}},"9":{"name":"(anonymous_11)","decl":{"start":{"line":76,"column":17},"end":{"line":76,"column":20}},"loc":{"start":{"line":76,"column":23},"end":{"line":76,"column":47}}}},"branchMap":{"0":{"loc":{"start":{"line":52,"column":6},"end":{"line":52,"column":21}},"type":"binary-expr","locations":[{"start":{"line":52,"column":6},"end":{"line":52,"column":21}},{"start":{"line":53,"column":6},"end":{"line":53,"column":51}},{"start":{"line":54,"column":6},"end":{"line":54,"column":63}}]},"1":{"loc":{"start":{"line":53,"column":24},"end":{"line":53,"column":26}},"type":"cond-expr","locations":[{"start":{"line":53,"column":24},"end":{"line":53,"column":26}},{"start":{"line":53,"column":24},"end":{"line":53,"column":51}}]},"2":{"loc":{"start":{"line":53,"column":6},"end":{"line":53,"column":26}},"type":"binary-expr","locations":[{"start":{"line":53,"column":6},"end":{"line":53,"column":26}},{"start":{"line":53,"column":24},"end":{"line":53,"column":26}}]},"3":{"loc":{"start":{"line":54,"column":24},"end":{"line":54,"column":26}},"type":"cond-expr","locations":[{"start":{"line":54,"column":24},"end":{"line":54,"column":26}},{"start":{"line":54,"column":24},"end":{"line":54,"column":63}}]},"4":{"loc":{"start":{"line":54,"column":6},"end":{"line":54,"column":26}},"type":"binary-expr","locations":[{"start":{"line":54,"column":6},"end":{"line":54,"column":26}},{"start":{"line":54,"column":24},"end":{"line":54,"column":26}}]},"5":{"loc":{"start":{"line":55,"column":11},"end":{"line":55,"column":27}},"type":"binary-expr","locations":[{"start":{"line":55,"column":11},"end":{"line":55,"column":27}},{"start":{"line":55,"column":31},"end":{"line":55,"column":42}}]},"6":{"loc":{"start":{"line":57,"column":46},"end":{"line":57,"column":83}},"type":"binary-expr","locations":[{"start":{"line":57,"column":46},"end":{"line":57,"column":83}},{"start":{"line":57,"column":87},"end":{"line":57,"column":98}}]},"7":{"loc":{"start":{"line":66,"column":4},"end":{"line":77,"column":null}},"type":"if","locations":[{"start":{"line":66,"column":4},"end":{"line":77,"column":null}},{"start":{"line":66,"column":4},"end":{"line":77,"column":null}}]},"8":{"loc":{"start":{"line":72,"column":6},"end":{"line":74,"column":null}},"type":"if","locations":[{"start":{"line":72,"column":6},"end":{"line":74,"column":null}},{"start":{"line":72,"column":6},"end":{"line":74,"column":null}}]},"9":{"loc":{"start":{"line":72,"column":10},"end":{"line":72,"column":20}},"type":"binary-expr","locations":[{"start":{"line":72,"column":10},"end":{"line":72,"column":20}},{"start":{"line":72,"column":24},"end":{"line":72,"column":46}}]},"10":{"loc":{"start":{"line":108,"column":13},"end":{"line":108,"column":19}},"type":"binary-expr","locations":[{"start":{"line":108,"column":13},"end":{"line":108,"column":19}},{"start":{"line":108,"column":23},"end":{"line":108,"column":68}}]},"11":{"loc":{"start":{"line":110,"column":13},"end":{"line":110,"column":19}},"type":"binary-expr","locations":[{"start":{"line":110,"column":13},"end":{"line":110,"column":19}},{"start":{"line":110,"column":23},"end":{"line":110,"column":68}}]}},"s":{"0":8,"1":8,"2":8,"3":8,"4":8,"5":8,"6":8,"7":8,"8":8,"9":5,"10":8,"11":8,"12":8,"13":180,"14":180,"15":180,"16":180,"17":180,"18":180,"19":5,"20":5,"21":180,"22":3,"23":3,"24":180,"25":1,"26":180,"27":46,"28":46,"29":1,"30":46,"31":180,"32":58,"33":19,"34":19,"35":19,"36":2,"37":39,"38":2,"39":39,"40":39,"41":16,"42":58,"43":180,"44":8,"45":8},"f":{"0":5,"1":180,"2":5,"3":3,"4":1,"5":46,"6":1,"7":58,"8":2,"9":16},"b":{"0":[3,3,2],"1":[1,2],"2":[3,2],"3":[1,1],"4":[2,1],"5":[3,2],"6":[1,1],"7":[19,39],"8":[2,37],"9":[39,5],"10":[180,180],"11":[180,180]}}
,"/Users/humormac/Datamatters/Repos/portal-ui/src/components/Modal/styles.scss.d.ts": {"path":"/Users/humormac/Datamatters/Repos/portal-ui/src/components/Modal/styles.scss.d.ts","statementMap":{},"fnMap":{},"branchMap":{},"s":{},"f":{},"b":{}}
,"/Users/humormac/Datamatters/Repos/portal-ui/src/components/MultiChoice/index.tsx": {"path":"/Users/humormac/Datamatters/Repos/portal-ui/src/components/MultiChoice/index.tsx","statementMap":{"0":{"start":{"line":1,"column":0},"end":{"line":1,"column":49}},"1":{"start":{"line":2,"column":0},"end":{"line":2,"column":54}},"2":{"start":{"line":3,"column":0},"end":{"line":3,"column":35}},"3":{"start":{"line":15,"column":13},"end":{"line":21,"column":2}},"4":{"start":{"line":16,"column":2},"end":{"line":18,"column":35}},"5":{"start":{"line":20,"column":2},"end":{"line":20,"column":25}},"6":{"start":{"line":23,"column":13},"end":{"line":48,"column":2}},"7":{"start":{"line":32,"column":17},"end":{"line":32,"column":38}},"8":{"start":{"line":33,"column":26},"end":{"line":42,"column":4}},"9":{"start":{"line":34,"column":4},"end":{"line":40,"column":null}},"10":{"start":{"line":39,"column":21},"end":{"line":39,"column":36}},"11":{"start":{"line":43,"column":2},"end":{"line":47,"column":4}},"12":{"start":{"line":50,"column":0},"end":{"line":50,"column":40}},"13":{"start":{"line":51,"column":0},"end":{"line":51,"column":27}}},"fnMap":{"0":{"name":"(anonymous_1)","decl":{"start":{"line":15,"column":37},"end":{"line":15,"column":38}},"loc":{"start":{"line":15,"column":83},"end":{"line":21,"column":1}}},"1":{"name":"(anonymous_2)","decl":{"start":{"line":23,"column":53},"end":{"line":23,"column":54}},"loc":{"start":{"line":31,"column":12},"end":{"line":48,"column":1}}},"2":{"name":"(anonymous_3)","decl":{"start":{"line":33,"column":38},"end":{"line":33,"column":39}},"loc":{"start":{"line":34,"column":4},"end":{"line":40,"column":null}}},"3":{"name":"(anonymous_4)","decl":{"start":{"line":39,"column":15},"end":{"line":39,"column":18}},"loc":{"start":{"line":39,"column":21},"end":{"line":39,"column":36}}}},"branchMap":{"0":{"loc":{"start":{"line":17,"column":6},"end":{"line":17,"column":64}},"type":"cond-expr","locations":[{"start":{"line":17,"column":6},"end":{"line":17,"column":64}},{"start":{"line":18,"column":6},"end":{"line":18,"column":34}}]},"1":{"loc":{"start":{"line":27,"column":20},"end":{"line":27,"column":22}},"type":"default-arg","locations":[{"start":{"line":27,"column":20},"end":{"line":27,"column":22}}]},"2":{"loc":{"start":{"line":28,"column":20},"end":{"line":28,"column":22}},"type":"default-arg","locations":[{"start":{"line":28,"column":20},"end":{"line":28,"column":22}}]},"3":{"loc":{"start":{"line":29,"column":15},"end":{"line":29,"column":17}},"type":"default-arg","locations":[{"start":{"line":29,"column":15},"end":{"line":29,"column":17}}]},"4":{"loc":{"start":{"line":37,"column":30},"end":{"line":37,"column":62}},"type":"cond-expr","locations":[{"start":{"line":37,"column":30},"end":{"line":37,"column":62}},{"start":{"line":37,"column":65},"end":{"line":37,"column":90}}]},"5":{"loc":{"start":{"line":40,"column":40},"end":{"line":40,"column":71}},"type":"cond-expr","locations":[{"start":{"line":40,"column":40},"end":{"line":40,"column":71}},{"start":{"line":40,"column":74},"end":{"line":40,"column":76}}]}},"s":{"0":13,"1":13,"2":13,"3":13,"4":9,"5":9,"6":13,"7":143,"8":143,"9":625,"10":4,"11":143,"12":13,"13":13},"f":{"0":9,"1":143,"2":625,"3":4},"b":{"0":[5,4],"1":[89],"2":[53],"3":[5],"4":[216,409],"5":[605,20]}}
,"/Users/humormac/Datamatters/Repos/portal-ui/src/components/MultiChoice/styles.scss.d.ts": {"path":"/Users/humormac/Datamatters/Repos/portal-ui/src/components/MultiChoice/styles.scss.d.ts","statementMap":{},"fnMap":{},"branchMap":{},"s":{},"f":{},"b":{}}
,"/Users/humormac/Datamatters/Repos/portal-ui/src/components/PageTitle/index.tsx": {"path":"/Users/humormac/Datamatters/Repos/portal-ui/src/components/PageTitle/index.tsx","statementMap":{"0":{"start":{"line":1,"column":0},"end":{"line":1,"column":49}},"1":{"start":{"line":2,"column":0},"end":{"line":2,"column":35}},"2":{"start":{"line":8,"column":13},"end":{"line":12,"column":2}},"3":{"start":{"line":9,"column":2},"end":{"line":10,"column":null}},"4":{"start":{"line":14,"column":0},"end":{"line":14,"column":36}},"5":{"start":{"line":15,"column":0},"end":{"line":15,"column":25}}},"fnMap":{"0":{"name":"(anonymous_1)","decl":{"start":{"line":8,"column":51},"end":{"line":8,"column":52}},"loc":{"start":{"line":9,"column":2},"end":{"line":10,"column":null}}}},"branchMap":{},"s":{"0":6,"1":6,"2":6,"3":10,"4":6,"5":6},"f":{"0":10},"b":{}}
,"/Users/humormac/Datamatters/Repos/portal-ui/src/components/PageTitle/styles.scss.d.ts": {"path":"/Users/humormac/Datamatters/Repos/portal-ui/src/components/PageTitle/styles.scss.d.ts","statementMap":{},"fnMap":{},"branchMap":{},"s":{},"f":{},"b":{}}
,"/Users/humormac/Datamatters/Repos/portal-ui/src/components/PolicyWidget/index.tsx": {"path":"/Users/humormac/Datamatters/Repos/portal-ui/src/components/PolicyWidget/index.tsx","statementMap":{"0":{"start":{"line":1,"column":0},"end":{"line":1,"column":72}},"1":{"start":{"line":2,"column":0},"end":{"line":2,"column":80}},"2":{"start":{"line":4,"column":0},"end":{"line":4,"column":35}},"3":{"start":{"line":13,"column":13},"end":{"line":32,"column":2}},"4":{"start":{"line":19,"column":32},"end":{"line":19,"column":55}},"5":{"start":{"line":20,"column":29},"end":{"line":20,"column":96}},"6":{"start":{"line":20,"column":66},"end":{"line":20,"column":95}},"7":{"start":{"line":22,"column":2},"end":{"line":31,"column":4}},"8":{"start":{"line":34,"column":0},"end":{"line":34,"column":42}},"9":{"start":{"line":35,"column":0},"end":{"line":35,"column":28}}},"fnMap":{"0":{"name":"(anonymous_1)","decl":{"start":{"line":13,"column":54},"end":{"line":13,"column":55}},"loc":{"start":{"line":18,"column":5},"end":{"line":32,"column":1}}},"1":{"name":"(anonymous_2)","decl":{"start":{"line":20,"column":49},"end":{"line":20,"column":50}},"loc":{"start":{"line":20,"column":66},"end":{"line":20,"column":95}}}},"branchMap":{"0":{"loc":{"start":{"line":16,"column":20},"end":{"line":16,"column":22}},"type":"default-arg","locations":[{"start":{"line":16,"column":20},"end":{"line":16,"column":22}}]}},"s":{"0":5,"1":5,"2":5,"3":5,"4":16,"5":16,"6":7,"7":16,"8":5,"9":5},"f":{"0":16,"1":7},"b":{"0":[9]}}
,"/Users/humormac/Datamatters/Repos/portal-ui/src/components/PolicyWidget/styles.scss.d.ts": {"path":"/Users/humormac/Datamatters/Repos/portal-ui/src/components/PolicyWidget/styles.scss.d.ts","statementMap":{},"fnMap":{},"branchMap":{},"s":{},"f":{},"b":{}}
,"/Users/humormac/Datamatters/Repos/portal-ui/src/components/QuestionBox/index.tsx": {"path":"/Users/humormac/Datamatters/Repos/portal-ui/src/components/QuestionBox/index.tsx","statementMap":{"0":{"start":{"line":1,"column":0},"end":{"line":1,"column":60}},"1":{"start":{"line":2,"column":0},"end":{"line":2,"column":41}},"2":{"start":{"line":4,"column":0},"end":{"line":4,"column":49}},"3":{"start":{"line":5,"column":0},"end":{"line":5,"column":35}},"4":{"start":{"line":15,"column":11},"end":{"line":15,"column":34}},"5":{"start":{"line":17,"column":13},"end":{"line":29,"column":2}},"6":{"start":{"line":24,"column":2},"end":{"line":27,"column":null}},"7":{"start":{"line":31,"column":0},"end":{"line":31,"column":40}},"8":{"start":{"line":33,"column":0},"end":{"line":33,"column":27}}},"fnMap":{"0":{"name":"(anonymous_1)","decl":{"start":{"line":17,"column":53},"end":{"line":17,"column":54}},"loc":{"start":{"line":24,"column":2},"end":{"line":27,"column":null}}}},"branchMap":{"0":{"loc":{"start":{"line":18,"column":22},"end":{"line":18,"column":24}},"type":"default-arg","locations":[{"start":{"line":18,"column":22},"end":{"line":18,"column":24}}]},"1":{"loc":{"start":{"line":25,"column":5},"end":{"line":25,"column":9}},"type":"binary-expr","locations":[{"start":{"line":25,"column":5},"end":{"line":25,"column":9}},{"start":{"line":25,"column":13},"end":{"line":25,"column":92}}]},"2":{"loc":{"start":{"line":27,"column":5},"end":{"line":27,"column":13}},"type":"binary-expr","locations":[{"start":{"line":27,"column":5},"end":{"line":27,"column":13}},{"start":{"line":27,"column":17},"end":{"line":27,"column":26}},{"start":{"line":27,"column":30},"end":{"line":27,"column":81}}]}},"s":{"0":21,"1":21,"2":21,"3":21,"4":21,"5":21,"6":539,"7":21,"8":21},"f":{"0":539},"b":{"0":[535],"1":[539,268],"2":[539,6,2]}}
,"/Users/humormac/Datamatters/Repos/portal-ui/src/components/QuestionBox/styles.scss.d.ts": {"path":"/Users/humormac/Datamatters/Repos/portal-ui/src/components/QuestionBox/styles.scss.d.ts","statementMap":{},"fnMap":{},"branchMap":{},"s":{},"f":{},"b":{}}
,"/Users/humormac/Datamatters/Repos/portal-ui/src/components/QuoteSummary/index.tsx": {"path":"/Users/humormac/Datamatters/Repos/portal-ui/src/components/QuoteSummary/index.tsx","statementMap":{"0":{"start":{"line":1,"column":0},"end":{"line":1,"column":49}},"1":{"start":{"line":3,"column":0},"end":{"line":3,"column":35}},"2":{"start":{"line":10,"column":13},"end":{"line":20,"column":2}},"3":{"start":{"line":11,"column":19},"end":{"line":11,"column":55}},"4":{"start":{"line":13,"column":2},"end":{"line":19,"column":4}},"5":{"start":{"line":22,"column":0},"end":{"line":22,"column":42}},"6":{"start":{"line":23,"column":0},"end":{"line":23,"column":28}}},"fnMap":{"0":{"name":"(anonymous_1)","decl":{"start":{"line":10,"column":54},"end":{"line":10,"column":55}},"loc":{"start":{"line":10,"column":80},"end":{"line":20,"column":1}}}},"branchMap":{"0":{"loc":{"start":{"line":11,"column":26},"end":{"line":11,"column":42}},"type":"cond-expr","locations":[{"start":{"line":11,"column":26},"end":{"line":11,"column":42}},{"start":{"line":11,"column":45},"end":{"line":11,"column":55}}]}},"s":{"0":4,"1":4,"2":4,"3":5,"4":5,"5":4,"6":4},"f":{"0":5},"b":{"0":[3,2]}}
,"/Users/humormac/Datamatters/Repos/portal-ui/src/components/QuoteSummary/styles.scss.d.ts": {"path":"/Users/humormac/Datamatters/Repos/portal-ui/src/components/QuoteSummary/styles.scss.d.ts","statementMap":{},"fnMap":{},"branchMap":{},"s":{},"f":{},"b":{}}
,"/Users/humormac/Datamatters/Repos/portal-ui/src/components/SearchBar/index.tsx": {"path":"/Users/humormac/Datamatters/Repos/portal-ui/src/components/SearchBar/index.tsx","statementMap":{"0":{"start":{"line":1,"column":0},"end":{"line":1,"column":74}},"1":{"start":{"line":2,"column":0},"end":{"line":2,"column":48}},"2":{"start":{"line":3,"column":0},"end":{"line":3,"column":37}},"3":{"start":{"line":5,"column":0},"end":{"line":5,"column":35}},"4":{"start":{"line":6,"column":0},"end":{"line":6,"column":27}},"5":{"start":{"line":8,"column":0},"end":{"line":8,"column":45}},"6":{"start":{"line":46,"column":9},"end":{"line":48,"column":4}},"7":{"start":{"line":50,"column":10},"end":{"line":54,"column":4}},"8":{"start":{"line":51,"column":35},"end":{"line":51,"column":45}},"9":{"start":{"line":52,"column":4},"end":{"line":52,"column":54}},"10":{"start":{"line":53,"column":4},"end":{"line":53,"column":64}},"11":{"start":{"line":56,"column":10},"end":{"line":99,"column":4}},"12":{"start":{"line":57,"column":27},"end":{"line":57,"column":37}},"13":{"start":{"line":58,"column":70},"end":{"line":58,"column":80}},"14":{"start":{"line":59,"column":36},"end":{"line":59,"column":38}},"15":{"start":{"line":60,"column":39},"end":{"line":60,"column":41}},"16":{"start":{"line":62,"column":4},"end":{"line":98,"column":null}},"17":{"start":{"line":63,"column":6},"end":{"line":65,"column":28}},"18":{"start":{"line":67,"column":6},"end":{"line":80,"column":null}},"19":{"start":{"line":68,"column":8},"end":{"line":79,"column":13}},"20":{"start":{"line":69,"column":59},"end":{"line":69,"column":69}},"21":{"start":{"line":71,"column":12},"end":{"line":77,"column":null}},"22":{"start":{"line":81,"column":6},"end":{"line":92,"column":null}},"23":{"start":{"line":82,"column":8},"end":{"line":91,"column":10}},"24":{"start":{"line":94,"column":6},"end":{"line":97,"column":8}},"25":{"start":{"line":101,"column":10},"end":{"line":135,"column":4}},"26":{"start":{"line":102,"column":27},"end":{"line":102,"column":37}},"27":{"start":{"line":103,"column":29},"end":{"line":103,"column":39}},"28":{"start":{"line":106,"column":4},"end":{"line":120,"column":null}},"29":{"start":{"line":107,"column":6},"end":{"line":107,"column":37}},"30":{"start":{"line":109,"column":37},"end":{"line":109,"column":39}},"31":{"start":{"line":110,"column":6},"end":{"line":117,"column":9}},"32":{"start":{"line":111,"column":8},"end":{"line":115,"column":null}},"33":{"start":{"line":112,"column":10},"end":{"line":114,"column":19}},"34":{"start":{"line":116,"column":8},"end":{"line":116,"column":58}},"35":{"start":{"line":119,"column":6},"end":{"line":119,"column":44}},"36":{"start":{"line":122,"column":23},"end":{"line":122,"column":81}},"37":{"start":{"line":123,"column":27},"end":{"line":123,"column":57}},"38":{"start":{"line":124,"column":4},"end":{"line":134,"column":6}},"39":{"start":{"line":138,"column":58},"end":{"line":138,"column":68}},"40":{"start":{"line":139,"column":27},"end":{"line":139,"column":37}},"41":{"start":{"line":141,"column":4},"end":{"line":155,"column":6}},"42":{"start":{"line":29,"column":0},"end":{"line":29,"column":13}},"43":{"start":{"line":30,"column":16},"end":{"line":35,"column":4}},"44":{"start":{"line":31,"column":4},"end":{"line":33,"column":null}},"45":{"start":{"line":32,"column":6},"end":{"line":32,"column":18}},"46":{"start":{"line":34,"column":4},"end":{"line":34,"column":17}},"47":{"start":{"line":37,"column":16},"end":{"line":44,"column":4}},"48":{"start":{"line":40,"column":4},"end":{"line":42,"column":null}},"49":{"start":{"line":41,"column":6},"end":{"line":41,"column":18}},"50":{"start":{"line":43,"column":4},"end":{"line":43,"column":17}},"51":{"start":{"line":159,"column":0},"end":{"line":159,"column":25}}},"fnMap":{"0":{"name":"(anonymous_2)","decl":{"start":{"line":29,"column":0},"end":{"line":29,"column":13}},"loc":{"start":{"line":29,"column":0},"end":{"line":157,"column":1}}},"1":{"name":"(anonymous_3)","decl":{"start":{"line":50,"column":21},"end":{"line":50,"column":22}},"loc":{"start":{"line":50,"column":68},"end":{"line":54,"column":3}}},"2":{"name":"(anonymous_4)","decl":{"start":{"line":56,"column":25},"end":{"line":56,"column":28}},"loc":{"start":{"line":56,"column":30},"end":{"line":99,"column":3}}},"3":{"name":"(anonymous_5)","decl":{"start":{"line":69,"column":18},"end":{"line":69,"column":19}},"loc":{"start":{"line":69,"column":59},"end":{"line":69,"column":69}}},"4":{"name":"(anonymous_6)","decl":{"start":{"line":70,"column":15},"end":{"line":70,"column":16}},"loc":{"start":{"line":71,"column":12},"end":{"line":77,"column":null}}},"5":{"name":"(anonymous_7)","decl":{"start":{"line":101,"column":27},"end":{"line":101,"column":28}},"loc":{"start":{"line":101,"column":63},"end":{"line":135,"column":3}}},"6":{"name":"(anonymous_8)","decl":{"start":{"line":110,"column":41},"end":{"line":110,"column":49}},"loc":{"start":{"line":110,"column":52},"end":{"line":117,"column":7}}},"7":{"name":"(anonymous_9)","decl":{"start":{"line":137,"column":9},"end":{"line":137,"column":15}},"loc":{"start":{"line":137,"column":15},"end":{"line":156,"column":3}}},"8":{"name":"(anonymous_10)","decl":{"start":{"line":30,"column":37},"end":{"line":30,"column":38}},"loc":{"start":{"line":30,"column":90},"end":{"line":35,"column":3}}},"9":{"name":"(anonymous_11)","decl":{"start":{"line":37,"column":41},"end":{"line":37,"column":null}},"loc":{"start":{"line":39,"column":39},"end":{"line":44,"column":3}}}},"branchMap":{"0":{"loc":{"start":{"line":62,"column":4},"end":{"line":98,"column":null}},"type":"if","locations":[{"start":{"line":62,"column":4},"end":{"line":98,"column":null}},{"start":{"line":62,"column":4},"end":{"line":98,"column":null}}]},"1":{"loc":{"start":{"line":64,"column":10},"end":{"line":64,"column":35}},"type":"cond-expr","locations":[{"start":{"line":64,"column":10},"end":{"line":64,"column":35}},{"start":{"line":65,"column":10},"end":{"line":65,"column":27}}]},"2":{"loc":{"start":{"line":67,"column":6},"end":{"line":80,"column":null}},"type":"if","locations":[{"start":{"line":67,"column":6},"end":{"line":80,"column":null}},{"start":{"line":67,"column":6},"end":{"line":80,"column":null}}]},"3":{"loc":{"start":{"line":75,"column":33},"end":{"line":75,"column":52}},"type":"cond-expr","locations":[{"start":{"line":75,"column":33},"end":{"line":75,"column":52}},{"start":{"line":75,"column":55},"end":{"line":75,"column":64}}]},"4":{"loc":{"start":{"line":81,"column":6},"end":{"line":92,"column":null}},"type":"if","locations":[{"start":{"line":81,"column":6},"end":{"line":92,"column":null}},{"start":{"line":81,"column":6},"end":{"line":92,"column":null}}]},"5":{"loc":{"start":{"line":81,"column":10},"end":{"line":81,"column":19}},"type":"binary-expr","locations":[{"start":{"line":81,"column":10},"end":{"line":81,"column":19}},{"start":{"line":81,"column":23},"end":{"line":81,"column":44}}]},"6":{"loc":{"start":{"line":87,"column":20},"end":{"line":87,"column":39}},"type":"binary-expr","locations":[{"start":{"line":87,"column":20},"end":{"line":87,"column":39}},{"start":{"line":87,"column":43},"end":{"line":87,"column":85}}]},"7":{"loc":{"start":{"line":95,"column":8},"end":{"line":95,"column":20}},"type":"binary-expr","locations":[{"start":{"line":95,"column":8},"end":{"line":95,"column":20}},{"start":{"line":96,"column":8},"end":{"line":96,"column":32}},{"start":{"line":96,"column":36},"end":{"line":96,"column":89}}]},"8":{"loc":{"start":{"line":106,"column":4},"end":{"line":120,"column":null}},"type":"if","locations":[{"start":{"line":106,"column":4},"end":{"line":120,"column":null}},{"start":{"line":106,"column":4},"end":{"line":120,"column":null}}]},"9":{"loc":{"start":{"line":111,"column":8},"end":{"line":115,"column":null}},"type":"if","locations":[{"start":{"line":111,"column":8},"end":{"line":115,"column":null}},{"start":{"line":111,"column":8},"end":{"line":115,"column":null}}]},"10":{"loc":{"start":{"line":113,"column":14},"end":{"line":113,"column":56}},"type":"cond-expr","locations":[{"start":{"line":113,"column":14},"end":{"line":113,"column":56}},{"start":{"line":114,"column":14},"end":{"line":114,"column":18}}]},"11":{"loc":{"start":{"line":125,"column":6},"end":{"line":125,"column":16}},"type":"cond-expr","locations":[{"start":{"line":125,"column":6},"end":{"line":125,"column":16}},{"start":{"line":127,"column":6},"end":{"line":132,"column":null}}]},"12":{"loc":{"start":{"line":124,"column":11},"end":{"line":124,"column":22}},"type":"binary-expr","locations":[{"start":{"line":124,"column":11},"end":{"line":124,"column":22}},{"start":{"line":124,"column":26},"end":{"line":124,"column":43}}]},"13":{"loc":{"start":{"line":138,"column":32},"end":{"line":138,"column":34}},"type":"default-arg","locations":[{"start":{"line":138,"column":32},"end":{"line":138,"column":34}}]},"14":{"loc":{"start":{"line":31,"column":4},"end":{"line":33,"column":null}},"type":"if","locations":[{"start":{"line":31,"column":4},"end":{"line":33,"column":null}},{"start":{"line":31,"column":4},"end":{"line":33,"column":null}}]},"15":{"loc":{"start":{"line":40,"column":4},"end":{"line":42,"column":null}},"type":"if","locations":[{"start":{"line":40,"column":4},"end":{"line":42,"column":null}},{"start":{"line":40,"column":4},"end":{"line":42,"column":null}}]},"16":{"loc":{"start":{"line":40,"column":8},"end":{"line":40,"column":15}},"type":"binary-expr","locations":[{"start":{"line":40,"column":8},"end":{"line":40,"column":15}},{"start":{"line":40,"column":20},"end":{"line":40,"column":64}}]}},"s":{"0":10,"1":10,"2":10,"3":10,"4":10,"5":10,"6":37,"7":37,"8":1,"9":1,"10":1,"11":37,"12":87,"13":87,"14":87,"15":87,"16":87,"17":50,"18":50,"19":26,"20":86,"21":70,"22":50,"23":2,"24":50,"25":37,"26":70,"27":70,"28":70,"29":58,"30":12,"31":12,"32":24,"33":6,"34":18,"35":12,"36":70,"37":70,"38":70,"39":87,"40":87,"41":87,"42":10,"43":10,"44":72,"45":59,"46":13,"47":10,"48":50,"49":22,"50":28,"51":10},"f":{"0":37,"1":1,"2":87,"3":86,"4":70,"5":70,"6":24,"7":87,"8":72,"9":50},"b":{"0":[50,37],"1":[22,28],"2":[26,24],"3":[12,58],"4":[2,48],"5":[50,26],"6":[2,1],"7":[50,9,8],"8":[58,12],"9":[6,18],"10":[3,3],"11":[52,18],"12":[70,19],"13":[26],"14":[59,13],"15":[22,28],"16":[50,50]}}
,"/Users/humormac/Datamatters/Repos/portal-ui/src/components/SearchBar/styles.scss.d.ts": {"path":"/Users/humormac/Datamatters/Repos/portal-ui/src/components/SearchBar/styles.scss.d.ts","statementMap":{},"fnMap":{},"branchMap":{},"s":{},"f":{},"b":{}}
[...]
,"/Users/humormac/Datamatters/Repos/portal-ui/src/helpers/optionLists.ts": {"path":"/Users/humormac/Datamatters/Repos/portal-ui/src/helpers/optionLists.ts","statementMap":{"0":{"start":{"line":1,"column":13},"end":{"line":9,"column":2}},"1":{"start":{"line":11,"column":13},"end":{"line":17,"column":2}},"2":{"start":{"line":19,"column":13},"end":{"line":24,"column":2}},"3":{"start":{"line":26,"column":13},"end":{"line":32,"column":2}},"4":{"start":{"line":34,"column":13},"end":{"line":40,"column":2}},"5":{"start":{"line":42,"column":13},"end":{"line":48,"column":2}},"6":{"start":{"line":50,"column":13},"end":{"line":59,"column":2}},"7":{"start":{"line":61,"column":13},"end":{"line":85,"column":2}},"8":{"start":{"line":87,"column":13},"end":{"line":119,"column":2}},"9":{"start":{"line":121,"column":13},"end":{"line":121,"column":71}},"10":{"start":{"line":123,"column":13},"end":{"line":123,"column":85}},"11":{"start":{"line":125,"column":13},"end":{"line":144,"column":2}}},"fnMap":{},"branchMap":{},"s":{"0":14,"1":14,"2":14,"3":14,"4":14,"5":14,"6":14,"7":14,"8":14,"9":14,"10":14,"11":14},"f":{},"b":{}}
,"/Users/humormac/Datamatters/Repos/portal-ui/src/helpers/policyTypeInfoMap.tsx": {"path":"/Users/humormac/Datamatters/Repos/portal-ui/src/helpers/policyTypeInfoMap.tsx","statementMap":{"0":{"start":{"line":1,"column":0},"end":{"line":1,"column":26}},"1":{"start":{"line":3,"column":0},"end":{"line":3,"column":67}},"2":{"start":{"line":4,"column":0},"end":{"line":4,"column":64}},"3":{"start":{"line":5,"column":0},"end":{"line":5,"column":58}},"4":{"start":{"line":6,"column":0},"end":{"line":6,"column":60}},"5":{"start":{"line":7,"column":0},"end":{"line":7,"column":56}},"6":{"start":{"line":8,"column":0},"end":{"line":8,"column":83}},"7":{"start":{"line":9,"column":0},"end":{"line":9,"column":77}},"8":{"start":{"line":10,"column":0},"end":{"line":10,"column":62}},"9":{"start":{"line":12,"column":0},"end":{"line":12,"column":null}},"10":{"start":{"line":13,"column":2},"end":{"line":13,"column":null}},"11":{"start":{"line":14,"column":2},"end":{"line":14,"column":null}},"12":{"start":{"line":15,"column":2},"end":{"line":15,"column":null}},"13":{"start":{"line":16,"column":2},"end":{"line":16,"column":null}},"14":{"start":{"line":17,"column":2},"end":{"line":17,"column":null}},"15":{"start":{"line":18,"column":2},"end":{"line":18,"column":null}},"16":{"start":{"line":19,"column":2},"end":{"line":19,"column":null}},"17":{"start":{"line":20,"column":2},"end":{"line":20,"column":null}},"18":{"start":{"line":23,"column":13},"end":{"line":38,"column":2}}},"fnMap":{"0":{"name":"(anonymous_1)","decl":{"start":{"line":12,"column":0},"end":{"line":12,"column":12}},"loc":{"start":{"line":12,"column":22},"end":{"line":21,"column":1}}}},"branchMap":{"0":{"loc":{"start":{"line":12,"column":12},"end":{"line":12,"column":22}},"type":"binary-expr","locations":[{"start":{"line":12,"column":12},"end":{"line":12,"column":22}},{"start":{"line":12,"column":12},"end":{"line":12,"column":null}}]}},"s":{"0":7,"1":7,"2":7,"3":7,"4":7,"5":7,"6":7,"7":7,"8":7,"9":7,"10":7,"11":7,"12":7,"13":7,"14":7,"15":7,"16":7,"17":7,"18":7},"f":{"0":7},"b":{"0":[7,7]}}
,"/Users/humormac/Datamatters/Repos/portal-ui/src/helpers/policyTypeMapper.ts": {"path":"/Users/humormac/Datamatters/Repos/portal-ui/src/helpers/policyTypeMapper.ts","statementMap":{"0":{"start":{"line":1,"column":0},"end":{"line":1,"column":49}},"1":{"start":{"line":3,"column":25},"end":{"line":9,"column":1}},"2":{"start":{"line":5,"column":2},"end":{"line":7,"column":5}},"3":{"start":{"line":6,"column":4},"end":{"line":6,"column":83}},"4":{"start":{"line":8,"column":2},"end":{"line":8,"column":14}},"5":{"start":{"line":11,"column":0},"end":{"line":11,"column":32}}},"fnMap":{"0":{"name":"(anonymous_0)","decl":{"start":{"line":3,"column":25},"end":{"line":3,"column":26}},"loc":{"start":{"line":3,"column":47},"end":{"line":9,"column":1}}},"1":{"name":"(anonymous_1)","decl":{"start":{"line":5,"column":37},"end":{"line":5,"column":38}},"loc":{"start":{"line":5,"column":54},"end":{"line":7,"column":3}}}},"branchMap":{"0":{"loc":{"start":{"line":6,"column":33},"end":{"line":6,"column":75}},"type":"cond-expr","locations":[{"start":{"line":6,"column":33},"end":{"line":6,"column":75}},{"start":{"line":6,"column":78},"end":{"line":6,"column":82}}]}},"s":{"0":5,"1":5,"2":18,"3":144,"4":18,"5":5},"f":{"0":18,"1":144},"b":{"0":[15,129]}}
,"/Users/humormac/Datamatters/Repos/portal-ui/src/helpers/renderSideNav.tsx": {"path":"/Users/humormac/Datamatters/Repos/portal-ui/src/helpers/renderSideNav.tsx","statementMap":{"0":{"start":{"line":1,"column":0},"end":{"line":1,"column":26}},"1":{"start":{"line":4,"column":0},"end":{"line":4,"column":71}},"2":{"start":{"line":6,"column":0},"end":{"line":6,"column":61}},"3":{"start":{"line":7,"column":0},"end":{"line":7,"column":31}},"4":{"start":{"line":9,"column":22},"end":{"line":35,"column":1}},"5":{"start":{"line":10,"column":24},"end":{"line":10,"column":58}},"6":{"start":{"line":11,"column":2},"end":{"line":13,"column":null}},"7":{"start":{"line":12,"column":4},"end":{"line":12,"column":21}},"8":{"start":{"line":14,"column":16},"end":{"line":14,"column":32}},"9":{"start":{"line":18,"column":2},"end":{"line":32,"column":null}},"10":{"start":{"line":20,"column":6},"end":{"line":20,"column":33}},"11":{"start":{"line":21,"column":6},"end":{"line":21,"column":12}},"12":{"start":{"line":25,"column":6},"end":{"line":25,"column":32}},"13":{"start":{"line":26,"column":6},"end":{"line":26,"column":12}},"14":{"start":{"line":28,"column":6},"end":{"line":28,"column":40}},"15":{"start":{"line":29,"column":6},"end":{"line":29,"column":12}},"16":{"start":{"line":31,"column":6},"end":{"line":31,"column":23}},"17":{"start":{"line":34,"column":2},"end":{"line":34,"column":33}},"18":{"start":{"line":37,"column":0},"end":{"line":37,"column":29}}},"fnMap":{"0":{"name":"(anonymous_2)","decl":{"start":{"line":9,"column":22},"end":{"line":9,"column":23}},"loc":{"start":{"line":9,"column":49},"end":{"line":35,"column":1}}}},"branchMap":{"0":{"loc":{"start":{"line":11,"column":2},"end":{"line":13,"column":null}},"type":"if","locations":[{"start":{"line":11,"column":2},"end":{"line":13,"column":null}},{"start":{"line":11,"column":2},"end":{"line":13,"column":null}}]},"1":{"loc":{"start":{"line":19,"column":4},"end":{"line":21,"column":12}},"type":"switch","locations":[{"start":{"line":19,"column":4},"end":{"line":21,"column":12}},{"start":{"line":22,"column":4},"end":{"line":22,"column":30}},{"start":{"line":23,"column":4},"end":{"line":23,"column":27}},{"start":{"line":24,"column":4},"end":{"line":26,"column":12}},{"start":{"line":27,"column":4},"end":{"line":29,"column":12}},{"start":{"line":30,"column":4},"end":{"line":31,"column":23}}]}},"s":{"0":1,"1":1,"2":1,"3":1,"4":1,"5":6,"6":6,"7":1,"8":5,"9":5,"10":1,"11":1,"12":2,"13":2,"14":1,"15":1,"16":1,"17":4,"18":1},"f":{"0":6},"b":{"0":[1,5],"1":[1,1,2,2,1,1]}}
,"/Users/humormac/Datamatters/Repos/portal-ui/src/helpers/statusClassMapper.ts": {"path":"/Users/humormac/Datamatters/Repos/portal-ui/src/helpers/statusClassMapper.ts","statementMap":{"0":{"start":{"line":1,"column":26},"end":{"line":7,"column":2}},"1":{"start":{"line":1,"column":59},"end":{"line":7,"column":2}},"2":{"start":{"line":9,"column":0},"end":{"line":9,"column":33}}},"fnMap":{"0":{"name":"(anonymous_0)","decl":{"start":{"line":1,"column":26},"end":{"line":1,"column":27}},"loc":{"start":{"line":1,"column":59},"end":{"line":7,"column":2}}}},"branchMap":{},"s":{"0":37,"1":224,"2":37},"f":{"0":224},"b":{}}
,"/Users/humormac/Datamatters/Repos/portal-ui/src/helpers/utilFuncs.ts": {"path":"/Users/humormac/Datamatters/Repos/portal-ui/src/helpers/utilFuncs.ts","statementMap":{"0":{"start":{"line":1,"column":0},"end":{"line":1,"column":39}},"1":{"start":{"line":5,"column":13},"end":{"line":7,"column":2}},"2":{"start":{"line":6,"column":2},"end":{"line":6,"column":64}},"3":{"start":{"line":6,"column":41},"end":{"line":6,"column":62}},"4":{"start":{"line":9,"column":13},"end":{"line":9,"column":75}},"5":{"start":{"line":9,"column":50},"end":{"line":9,"column":74}},"6":{"start":{"line":11,"column":13},"end":{"line":21,"column":2}},"7":{"start":{"line":12,"column":27},"end":{"line":12,"column":33}},"8":{"start":{"line":13,"column":2},"end":{"line":15,"column":null}},"9":{"start":{"line":14,"column":4},"end":{"line":14,"column":14}},"10":{"start":{"line":16,"column":2},"end":{"line":18,"column":null}},"11":{"start":{"line":17,"column":4},"end":{"line":17,"column":26}},"12":{"start":{"line":20,"column":2},"end":{"line":20,"column":85}},"13":{"start":{"line":23,"column":13},"end":{"line":29,"column":2}},"14":{"start":{"line":24,"column":13},"end":{"line":24,"column":52}},"15":{"start":{"line":25,"column":13},"end":{"line":25,"column":52}},"16":{"start":{"line":26,"column":15},"end":{"line":26,"column":56}},"17":{"start":{"line":28,"column":2},"end":{"line":28,"column":26}},"18":{"start":{"line":31,"column":13},"end":{"line":34,"column":2}},"19":{"start":{"line":32,"column":16},"end":{"line":32,"column":33}},"20":{"start":{"line":33,"column":2},"end":{"line":33,"column":88}},"21":{"start":{"line":33,"column":27},"end":{"line":33,"column":76}},"22":{"start":{"line":36,"column":13},"end":{"line":39,"column":2}},"23":{"start":{"line":37,"column":16},"end":{"line":37,"column":33}},"24":{"start":{"line":38,"column":2},"end":{"line":38,"column":57}},"25":{"start":{"line":38,"column":27},"end":{"line":38,"column":45}}},"fnMap":{"0":{"name":"(anonymous_0)","decl":{"start":{"line":5,"column":29},"end":{"line":5,"column":30}},"loc":{"start":{"line":5,"column":89},"end":{"line":7,"column":1}}},"1":{"name":"(anonymous_1)","decl":{"start":{"line":6,"column":34},"end":{"line":6,"column":37}},"loc":{"start":{"line":6,"column":41},"end":{"line":6,"column":62}}},"2":{"name":"(anonymous_2)","decl":{"start":{"line":9,"column":31},"end":{"line":9,"column":32}},"loc":{"start":{"line":9,"column":50},"end":{"line":9,"column":74}}},"3":{"name":"(anonymous_3)","decl":{"start":{"line":11,"column":43},"end":{"line":11,"column":44}},"loc":{"start":{"line":11,"column":71},"end":{"line":21,"column":1}}},"4":{"name":"(anonymous_4)","decl":{"start":{"line":23,"column":43},"end":{"line":23,"column":44}},"loc":{"start":{"line":23,"column":77},"end":{"line":29,"column":1}}},"5":{"name":"(anonymous_5)","decl":{"start":{"line":31,"column":26},"end":{"line":31,"column":27}},"loc":{"start":{"line":31,"column":43},"end":{"line":34,"column":1}}},"6":{"name":"(anonymous_6)","decl":{"start":{"line":33,"column":19},"end":{"line":33,"column":23}},"loc":{"start":{"line":33,"column":27},"end":{"line":33,"column":76}}},"7":{"name":"(anonymous_7)","decl":{"start":{"line":36,"column":25},"end":{"line":36,"column":26}},"loc":{"start":{"line":36,"column":42},"end":{"line":39,"column":1}}},"8":{"name":"(anonymous_8)","decl":{"start":{"line":38,"column":19},"end":{"line":38,"column":23}},"loc":{"start":{"line":38,"column":27},"end":{"line":38,"column":45}}}},"branchMap":{"0":{"loc":{"start":{"line":13,"column":2},"end":{"line":15,"column":null}},"type":"if","locations":[{"start":{"line":13,"column":2},"end":{"line":15,"column":null}},{"start":{"line":13,"column":2},"end":{"line":15,"column":null}}]},"1":{"loc":{"start":{"line":13,"column":6},"end":{"line":13,"column":11}},"type":"binary-expr","locations":[{"start":{"line":13,"column":6},"end":{"line":13,"column":11}},{"start":{"line":13,"column":15},"end":{"line":13,"column":18}},{"start":{"line":13,"column":22},"end":{"line":13,"column":25}}]},"2":{"loc":{"start":{"line":16,"column":2},"end":{"line":18,"column":null}},"type":"if","locations":[{"start":{"line":16,"column":2},"end":{"line":18,"column":null}},{"start":{"line":16,"column":2},"end":{"line":18,"column":null}}]},"3":{"loc":{"start":{"line":16,"column":6},"end":{"line":16,"column":23}},"type":"binary-expr","locations":[{"start":{"line":16,"column":6},"end":{"line":16,"column":23}},{"start":{"line":16,"column":27},"end":{"line":16,"column":42}},{"start":{"line":16,"column":46},"end":{"line":16,"column":61}}]},"4":{"loc":{"start":{"line":20,"column":9},"end":{"line":20,"column":66}},"type":"binary-expr","locations":[{"start":{"line":20,"column":9},"end":{"line":20,"column":66}},{"start":{"line":20,"column":70},"end":{"line":20,"column":84}}]}},"s":{"0":23,"1":23,"2":113,"3":220,"4":23,"5":9,"6":23,"7":40,"8":40,"9":25,"10":15,"11":1,"12":14,"13":23,"14":2,"15":2,"16":2,"17":2,"18":23,"19":128,"20":128,"21":202,"22":23,"23":126,"24":126,"25":198},"f":{"0":113,"1":220,"2":9,"3":40,"4":2,"5":128,"6":202,"7":126,"8":198},"b":{"0":[25,15],"1":[40,25,25],"2":[1,14],"3":[15,14,14],"4":[14,2]}}
,"/Users/humormac/Datamatters/Repos/portal-ui/src/helpers/test/testStorySnapshots.ts": {"path":"/Users/humormac/Datamatters/Repos/portal-ui/src/helpers/test/testStorySnapshots.ts","statementMap":{"0":{"start":{"line":2,"column":0},"end":{"line":2,"column":40}},"1":{"start":{"line":8,"column":27},"end":{"line":20,"column":1}},"2":{"start":{"line":13,"column":2},"end":{"line":19,"column":5}},"3":{"start":{"line":14,"column":4},"end":{"line":18,"column":null}},"4":{"start":{"line":15,"column":24},"end":{"line":15,"column":80}},"5":{"start":{"line":17,"column":6},"end":{"line":17,"column":51}},"6":{"start":{"line":22,"column":0},"end":{"line":22,"column":34}}},"fnMap":{"0":{"name":"(anonymous_0)","decl":{"start":{"line":8,"column":27},"end":{"line":8,"column":null}},"loc":{"start":{"line":12,"column":4},"end":{"line":20,"column":1}}},"1":{"name":"(anonymous_1)","decl":{"start":{"line":13,"column":39},"end":{"line":13,"column":40}},"loc":{"start":{"line":13,"column":68},"end":{"line":19,"column":3}}}},"branchMap":{"0":{"loc":{"start":{"line":10,"column":28},"end":{"line":10,"column":30}},"type":"default-arg","locations":[{"start":{"line":10,"column":28},"end":{"line":10,"column":30}}]},"1":{"loc":{"start":{"line":14,"column":4},"end":{"line":18,"column":null}},"type":"if","locations":[{"start":{"line":14,"column":4},"end":{"line":18,"column":null}},{"start":{"line":14,"column":4},"end":{"line":18,"column":null}}]},"2":{"loc":{"start":{"line":15,"column":35},"end":{"line":15,"column":55}},"type":"cond-expr","locations":[{"start":{"line":15,"column":35},"end":{"line":15,"column":55}},{"start":{"line":15,"column":58},"end":{"line":15,"column":80}}]}},"s":{"0":40,"1":40,"2":40,"3":144,"4":142,"5":142,"6":40},"f":{"0":40,"1":144},"b":{"0":[37],"1":[142,2],"2":[4,138]}}
,"/Users/humormac/Datamatters/Repos/portal-ui/src/reducers/customer/index.ts": {"path":"/Users/humormac/Datamatters/Repos/portal-ui/src/reducers/customer/index.ts","statementMap":{"0":{"start":{"line":1,"column":0},"end":{"line":1,"column":57}},"1":{"start":{"line":3,"column":13},"end":{"line":8,"column":2}},"2":{"start":{"line":10,"column":0},"end":{"line":10,"column":47}},"3":{"start":{"line":10,"column":41},"end":{"line":10,"column":46}}},"fnMap":{"0":{"name":"(anonymous_1)","decl":{"start":{"line":10,"column":15},"end":{"line":10,"column":16}},"loc":{"start":{"line":10,"column":41},"end":{"line":10,"column":46}}}},"branchMap":{"0":{"loc":{"start":{"line":10,"column":24},"end":{"line":10,"column":36}},"type":"default-arg","locations":[{"start":{"line":10,"column":24},"end":{"line":10,"column":36}}]}},"s":{"0":1,"1":1,"2":1,"3":1},"f":{"0":1},"b":{"0":[1]}}
,"/Users/humormac/Datamatters/Repos/portal-ui/src/reducers/search/index.ts": {"path":"/Users/humormac/Datamatters/Repos/portal-ui/src/reducers/search/index.ts","statementMap":{"0":{"start":{"line":1,"column":0},"end":{"line":1,"column":54}},"1":{"start":{"line":2,"column":0},"end":{"line":2,"column":null}},"2":{"start":{"line":7,"column":13},"end":{"line":10,"column":2}},"3":{"start":{"line":12,"column":37},"end":{"line":41,"column":2}},"4":{"start":{"line":13,"column":92},"end":{"line":15,"column":4}},"5":{"start":{"line":19,"column":8},"end":{"line":22,"column":4}},"6":{"start":{"line":23,"column":93},"end":{"line":26,"column":4}},"7":{"start":{"line":27,"column":80},"end":{"line":29,"column":4}},"8":{"start":{"line":33,"column":8},"end":{"line":36,"column":4}},"9":{"start":{"line":37,"column":81},"end":{"line":40,"column":4}},"10":{"start":{"line":43,"column":0},"end":{"line":45,"column":2}},"11":{"start":{"line":44,"column":2},"end":{"line":44,"column":88}}},"fnMap":{"0":{"name":"(anonymous_0)","decl":{"start":{"line":13,"column":66},"end":{"line":13,"column":67}},"loc":{"start":{"line":13,"column":92},"end":{"line":15,"column":4}}},"1":{"name":"(anonymous_1)","decl":{"start":{"line":16,"column":68},"end":{"line":16,"column":null}},"loc":{"start":{"line":19,"column":8},"end":{"line":22,"column":4}}},"2":{"name":"(anonymous_2)","decl":{"start":{"line":23,"column":67},"end":{"line":23,"column":68}},"loc":{"start":{"line":23,"column":93},"end":{"line":26,"column":4}}},"3":{"name":"(anonymous_3)","decl":{"start":{"line":27,"column":54},"end":{"line":27,"column":55}},"loc":{"start":{"line":27,"column":80},"end":{"line":29,"column":4}}},"4":{"name":"(anonymous_4)","decl":{"start":{"line":30,"column":56},"end":{"line":30,"column":null}},"loc":{"start":{"line":33,"column":8},"end":{"line":36,"column":4}}},"5":{"name":"(anonymous_5)","decl":{"start":{"line":37,"column":55},"end":{"line":37,"column":56}},"loc":{"start":{"line":37,"column":81},"end":{"line":40,"column":4}}},"6":{"name":"(anonymous_6)","decl":{"start":{"line":43,"column":15},"end":{"line":43,"column":16}},"loc":{"start":{"line":43,"column":56},"end":{"line":45,"column":1}}}},"branchMap":{"0":{"loc":{"start":{"line":43,"column":24},"end":{"line":43,"column":36}},"type":"default-arg","locations":[{"start":{"line":43,"column":24},"end":{"line":43,"column":36}}]},"1":{"loc":{"start":{"line":44,"column":38},"end":{"line":44,"column":79}},"type":"cond-expr","locations":[{"start":{"line":44,"column":38},"end":{"line":44,"column":79}},{"start":{"line":44,"column":82},"end":{"line":44,"column":87}}]}},"s":{"0":1,"1":1,"2":1,"3":1,"4":1,"5":1,"6":1,"7":1,"8":1,"9":1,"10":1,"11":9},"f":{"0":1,"1":1,"2":1,"3":1,"4":1,"5":1,"6":9},"b":{"0":[9],"1":[6,3]}}
,"/Users/humormac/Datamatters/Repos/portal-ui/src/reducers/user/index.ts": {"path":"/Users/humormac/Datamatters/Repos/portal-ui/src/reducers/user/index.ts","statementMap":{"0":{"start":{"line":1,"column":0},"end":{"line":1,"column":57}},"1":{"start":{"line":3,"column":13},"end":{"line":3,"column":52}},"2":{"start":{"line":5,"column":37},"end":{"line":15,"column":2}},"3":{"start":{"line":7,"column":4},"end":{"line":13,"column":6}},"4":{"start":{"line":17,"column":0},"end":{"line":19,"column":2}},"5":{"start":{"line":18,"column":2},"end":{"line":18,"column":88}}},"fnMap":{"0":{"name":"(anonymous_1)","decl":{"start":{"line":6,"column":20},"end":{"line":6,"column":21}},"loc":{"start":{"line":6,"column":65},"end":{"line":14,"column":3}}},"1":{"name":"(anonymous_2)","decl":{"start":{"line":17,"column":15},"end":{"line":17,"column":16}},"loc":{"start":{"line":17,"column":72},"end":{"line":19,"column":1}}}},"branchMap":{"0":{"loc":{"start":{"line":17,"column":24},"end":{"line":17,"column":52}},"type":"default-arg","locations":[{"start":{"line":17,"column":24},"end":{"line":17,"column":52}}]},"1":{"loc":{"start":{"line":18,"column":38},"end":{"line":18,"column":79}},"type":"cond-expr","locations":[{"start":{"line":18,"column":38},"end":{"line":18,"column":79}},{"start":{"line":18,"column":82},"end":{"line":18,"column":87}}]}},"s":{"0":1,"1":1,"2":1,"3":1,"4":1,"5":2},"f":{"0":1,"1":2},"b":{"0":[2],"1":[1,1]}}
,"/Users/humormac/Datamatters/Repos/portal-ui/src/style/global.scss.d.ts": {"path":"/Users/humormac/Datamatters/Repos/portal-ui/src/style/global.scss.d.ts","statementMap":{},"fnMap":{},"branchMap":{},"s":{},"f":{},"b":{}}
}
